#
# A fatal error has been detected by the Java Runtime Environment:
#
#  EXCEPTION_ACCESS_VIOLATION (0xc0000005) at pc=0x000001d036b81418, pid=4872, tid=7568
#
# JRE version: OpenJDK Runtime Environment (11.0.10) (build 11.0.10+0-b96-7249189)
# Java VM: OpenJDK 64-Bit Server VM (11.0.10+0-b96-7249189, mixed mode, tiered, compressed oops, g1 gc, windows-amd64)
# Problematic frame:
# C  0x000001d036b81418
#
# No core dump will be written. Minidumps are not enabled by default on client versions of Windows
#
# If you would like to submit a bug report, please visit:
#   https://bugreport.java.com/bugreport/crash.jsp
#

---------------  S U M M A R Y ------------

Command Line: --add-opens=java.base/java.util=ALL-UNNAMED --add-opens=java.base/java.lang=ALL-UNNAMED --add-opens=java.base/java.lang.invoke=ALL-UNNAMED --add-opens=java.base/java.util=ALL-UNNAMED --add-opens=java.prefs/java.util.prefs=ALL-UNNAMED --add-opens=java.prefs/java.util.prefs=ALL-UNNAMED --add-opens=java.base/java.nio.charset=ALL-UNNAMED --add-opens=java.base/java.net=ALL-UNNAMED --add-opens=java.base/java.util.concurrent.atomic=ALL-UNNAMED -Xmx2048m -Dfile.encoding=UTF-8 -Duser.country=ES -Duser.language=es -Duser.variant org.gradle.launcher.daemon.bootstrap.GradleDaemon 7.0.2

Host: Intel(R) Celeron(R) J4125 CPU @ 2.00GHz, 4 cores, 11G,  Windows 10 , 64 bit Build 19041 (10.0.19041.1202)
Time: Tue Nov  9 13:23:55 2021 Hora estándar romance elapsed time: 4.811756 seconds (0d 0h 0m 4s)

---------------  T H R E A D  ---------------

Current thread (0x000001d035b3c000):  JavaThread "C2 CompilerThread0" daemon [_thread_in_native, id=7568, stack(0x000000cb67b00000,0x000000cb67c00000)]


Current CompileTask:
C2:   4811 2212       4       java.net.URLClassLoader$1::run (5 bytes)

Stack: [0x000000cb67b00000,0x000000cb67c00000],  sp=0x000000cb67bfaf68,  free space=1003k
Native frames: (J=compiled Java code, j=interpreted, Vv=VM code, C=native code)
C  0x000001d036b81418


siginfo: EXCEPTION_ACCESS_VIOLATION (0xc0000005), data execution prevention violation at address 0x000001d036b81418


Register to memory mapping:

RIP=0x000001d036b81418 points into unknown readable memory: 0x00007ffcfe458e58 | 58 8e 45 fe fc 7f 00 00
RAX=0x0 is NULL
RBX=0x000001d036b81418 points into unknown readable memory: 0x00007ffcfe458e58 | 58 8e 45 fe fc 7f 00 00
RCX=0x00000000000007a5 is an unknown value
RDX=0x000001d0394c6070 points into unknown readable memory: 0x0000000000000000 | 00 00 00 00 00 00 00 00
RSP=0x000000cb67bfaf68 is pointing into the stack for thread: 0x000001d035b3c000
RBP=0x000000000000005e is an unknown value
RSI=0x000000000000080c is an unknown value
RDI=0x000000cb67bfb490 is pointing into the stack for thread: 0x000001d035b3c000
R8 =0x0000000000000014 is an unknown value
R9 =0x000000cb67bfb490 is pointing into the stack for thread: 0x000001d035b3c000
R10=0xfefefefefefefeff is an unknown value
R11=0x8080808080808080 is an unknown value
R12=0x000000cb67bfb058 is pointing into the stack for thread: 0x000001d035b3c000
R13=0x000000cb67bfb030 is pointing into the stack for thread: 0x000001d035b3c000
R14=0x000001d038fe0448 points into unknown readable memory: 0x00007ffcfe45b9c0 | c0 b9 45 fe fc 7f 00 00
R15=0x000001d038fe0448 points into unknown readable memory: 0x00007ffcfe45b9c0 | c0 b9 45 fe fc 7f 00 00


Registers:
RAX=0x0000000000000000, RBX=0x000001d036b81418, RCX=0x00000000000007a5, RDX=0x000001d0394c6070
RSP=0x000000cb67bfaf68, RBP=0x000000000000005e, RSI=0x000000000000080c, RDI=0x000000cb67bfb490
R8 =0x0000000000000014, R9 =0x000000cb67bfb490, R10=0xfefefefefefefeff, R11=0x8080808080808080
R12=0x000000cb67bfb058, R13=0x000000cb67bfb030, R14=0x000001d038fe0448, R15=0x000001d038fe0448
RIP=0x000001d036b81418, EFLAGS=0x0000000000010206

Top of Stack: (sp=0x000000cb67bfaf68)
0x000000cb67bfaf68:   000000000000080c 000001d036b7a910
0x000000cb67bfaf78:   0000000000000059 000001d036737840
0x000000cb67bfaf88:   0000000000000007 000000cb67bfb0c0
0x000000cb67bfaf98:   00007ffcfe166e28 000001d036b81418
0x000000cb67bfafa8:   000000000000005e 0000000000000807
0x000000cb67bfafb8:   000000cb67bfb058 000000cb67bfbe68
0x000000cb67bfafc8:   00007ffcfe22c470 000001d035b36f60
0x000000cb67bfafd8:   000000000000001b 000001d0393f62b0
0x000000cb67bfafe8:   000000cb67bfb110 0000000000000000
0x000000cb67bfaff8:   0000000000000002 000000cb67bfb490
0x000000cb67bfb008:   00007ffcfe166347 000000cb67bfb490
0x000000cb67bfb018:   0000000000000001 0000000000000007
0x000000cb67bfb028:   000000cb67bfb0c0 000001d035b36f60
0x000000cb67bfb038:   0000000000001000 000001d039e4bc00
0x000000cb67bfb048:   000000000000080d 000000000000001b
0x000000cb67bfb058:   00007ffcfe4cde48 000001d035b36f60 

Instructions: (pc=0x000001d036b81418)
0x000001d036b81318:   00 00 00 00 00 00 00 00 00 00 00 00 00 00 00 00
0x000001d036b81328:   00 00 00 00 00 00 00 00 00 00 00 00 00 00 00 00
0x000001d036b81338:   00 00 00 00 00 00 00 00 00 00 00 00 00 00 00 00
0x000001d036b81348:   00 00 00 00 00 00 00 00 00 00 00 00 00 00 00 00
0x000001d036b81358:   a8 ef b7 36 d0 01 00 00 a8 ef b7 36 d0 01 00 00
0x000001d036b81368:   90 fc b7 36 d0 01 00 00 90 fc b7 36 d0 01 00 00
0x000001d036b81378:   f8 02 b8 36 d0 01 00 00 f8 02 b8 36 d0 01 00 00
0x000001d036b81388:   68 08 b8 36 d0 01 00 00 18 14 b8 36 d0 01 00 00
0x000001d036b81398:   40 1a 73 36 d0 01 00 00 b8 2d 73 36 d0 01 00 00
0x000001d036b813a8:   b8 2d 73 36 d0 01 00 00 b8 2d 73 36 d0 01 00 00
0x000001d036b813b8:   a8 2e 73 36 d0 01 00 00 a8 2e 73 36 d0 01 00 00
0x000001d036b813c8:   58 32 73 36 d0 01 00 00 58 32 73 36 d0 01 00 00
0x000001d036b813d8:   18 14 b8 36 d0 01 00 00 18 14 b8 36 d0 01 00 00
0x000001d036b813e8:   58 fb 58 37 d0 01 00 00 38 7c 65 fe fc 7f 00 00
0x000001d036b813f8:   18 14 b8 36 d0 01 00 00 18 14 b8 36 d0 01 00 00
0x000001d036b81408:   e0 3a 4b fe fc 7f 00 00 a8 14 b8 36 d0 01 00 00
0x000001d036b81418:   58 8e 45 fe fc 7f 00 00 b8 14 b8 36 d0 01 00 00
0x000001d036b81428:   78 13 73 36 d0 01 00 00 32 00 00 00 60 00 00 00
0x000001d036b81438:   01 00 00 00 04 00 00 00 9e 02 00 00 1f 00 00 00
0x000001d036b81448:   00 00 00 00 00 00 00 00 00 00 00 00 00 00 00 00
0x000001d036b81458:   80 30 c0 36 d0 01 00 00 00 00 00 00 00 00 00 00
0x000001d036b81468:   00 00 00 00 00 00 00 00 88 43 68 37 d0 01 00 00
0x000001d036b81478:   00 6c a3 1f d0 01 00 00 17 b7 d1 38 00 00 00 00
0x000001d036b81488:   00 00 00 00 00 00 00 00 78 a2 45 fe fc 7f 00 00
0x000001d036b81498:   00 00 00 00 00 00 00 00 00 00 00 00 00 00 00 00
0x000001d036b814a8:   0d 00 00 00 d0 01 00 00 00 00 58 37 d0 01 00 00
0x000001d036b814b8:   e8 10 b8 36 d0 01 00 00 f8 54 23 39 d0 01 00 00
0x000001d036b814c8:   50 11 b8 36 d0 01 00 00 a8 22 74 38 d0 01 00 00
0x000001d036b814d8:   d0 23 74 38 d0 01 00 00 30 ac 7a 39 d0 01 00 00
0x000001d036b814e8:   b0 62 3f 39 d0 01 00 00 38 24 74 38 d0 01 00 00
0x000001d036b814f8:   b0 62 3f 39 d0 01 00 00 b0 62 3f 39 d0 01 00 00
0x000001d036b81508:   b0 62 3f 39 d0 01 00 00 f0 75 cb 36 d0 01 00 00 


Stack slot to memory mapping:
stack at sp + 0 slots: 0x000000000000080c is an unknown value
stack at sp + 1 slots: 0x000001d036b7a910 points into unknown readable memory: 0x00007ffcfe443de0 | e0 3d 44 fe fc 7f 00 00
stack at sp + 2 slots: 0x0000000000000059 is an unknown value
stack at sp + 3 slots: 0x000001d036737840 points into unknown readable memory: 0x00007ffcfe43ddc8 | c8 dd 43 fe fc 7f 00 00
stack at sp + 4 slots: 0x0000000000000007 is an unknown value
stack at sp + 5 slots: 0x000000cb67bfb0c0 is pointing into the stack for thread: 0x000001d035b3c000
stack at sp + 6 slots: 0x00007ffcfe166e28 jvm.dll
stack at sp + 7 slots: 0x000001d036b81418 points into unknown readable memory: 0x00007ffcfe458e58 | 58 8e 45 fe fc 7f 00 00


---------------  P R O C E S S  ---------------

Threads class SMR info:
_java_thread_list=0x000001d039b3e410, length=27, elements={
0x000001d01bf1b000, 0x000001d036341800, 0x000001d03634a800, 0x000001d035b34800,
0x000001d035b35800, 0x000001d035b39000, 0x000001d035b3c000, 0x000001d036396000,
0x000001d0363a1800, 0x000001d0364fc000, 0x000001d0379f1800, 0x000001d037e94800,
0x000001d038c50000, 0x000001d0386c5800, 0x000001d0373ba000, 0x000001d03741c000,
0x000001d03780c800, 0x000001d0377fa800, 0x000001d03885f800, 0x000001d0390d9800,
0x000001d0390d6000, 0x000001d0390d7000, 0x000001d0390d8000, 0x000001d037bc8000,
0x000001d0390d8800, 0x000001d0390da800, 0x000001d0390db000
}

Java Threads: ( => current thread )
  0x000001d01bf1b000 JavaThread "main" [_thread_blocked, id=8592, stack(0x000000cb66f00000,0x000000cb67000000)]
  0x000001d036341800 JavaThread "Reference Handler" daemon [_thread_blocked, id=9580, stack(0x000000cb67600000,0x000000cb67700000)]
  0x000001d03634a800 JavaThread "Finalizer" daemon [_thread_blocked, id=7844, stack(0x000000cb67700000,0x000000cb67800000)]
  0x000001d035b34800 JavaThread "Signal Dispatcher" daemon [_thread_blocked, id=7260, stack(0x000000cb67800000,0x000000cb67900000)]
  0x000001d035b35800 JavaThread "Attach Listener" daemon [_thread_blocked, id=8000, stack(0x000000cb67900000,0x000000cb67a00000)]
  0x000001d035b39000 JavaThread "Service Thread" daemon [_thread_blocked, id=9196, stack(0x000000cb67a00000,0x000000cb67b00000)]
=>0x000001d035b3c000 JavaThread "C2 CompilerThread0" daemon [_thread_in_native, id=7568, stack(0x000000cb67b00000,0x000000cb67c00000)]
  0x000001d036396000 JavaThread "C1 CompilerThread0" daemon [_thread_blocked, id=1352, stack(0x000000cb67c00000,0x000000cb67d00000)]
  0x000001d0363a1800 JavaThread "Sweeper thread" daemon [_thread_blocked, id=9096, stack(0x000000cb67d00000,0x000000cb67e00000)]
  0x000001d0364fc000 JavaThread "Common-Cleaner" daemon [_thread_blocked, id=7620, stack(0x000000cb67e00000,0x000000cb67f00000)]
  0x000001d0379f1800 JavaThread "Daemon health stats" [_thread_blocked, id=6692, stack(0x000000cb68400000,0x000000cb68500000)]
  0x000001d037e94800 JavaThread "Incoming local TCP Connector on port 52010" [_thread_in_native, id=10196, stack(0x000000cb68000000,0x000000cb68100000)]
  0x000001d038c50000 JavaThread "Daemon periodic checks" [_thread_blocked, id=9032, stack(0x000000cb68500000,0x000000cb68600000)]
  0x000001d0386c5800 JavaThread "Daemon" [_thread_blocked, id=9224, stack(0x000000cb68600000,0x000000cb68700000)]
  0x000001d0373ba000 JavaThread "Handler for socket connection from /127.0.0.1:52010 to /127.0.0.1:52011" [_thread_in_native, id=11016, stack(0x000000cb68700000,0x000000cb68800000)]
  0x000001d03741c000 JavaThread "Cancel handler" [_thread_blocked, id=10120, stack(0x000000cb68800000,0x000000cb68900000)]
  0x000001d03780c800 JavaThread "Daemon worker" [_thread_in_Java, id=5672, stack(0x000000cb68900000,0x000000cb68a00000)]
  0x000001d0377fa800 JavaThread "Asynchronous log dispatcher for DefaultDaemonConnection: socket connection from /127.0.0.1:52010 to /127.0.0.1:52011" [_thread_blocked, id=9996, stack(0x000000cb68a00000,0x000000cb68b00000)]
  0x000001d03885f800 JavaThread "Stdin handler" [_thread_blocked, id=8808, stack(0x000000cb68b00000,0x000000cb68c00000)]
  0x000001d0390d9800 JavaThread "Daemon client event forwarder" [_thread_blocked, id=740, stack(0x000000cb68c00000,0x000000cb68d00000)]
  0x000001d0390d6000 JavaThread "Cache worker for file hash cache (C:\Users\Dario\.gradle\caches\7.0.2\fileHashes)" [_thread_in_vm, id=4448, stack(0x000000cb68d00000,0x000000cb68e00000)]
  0x000001d0390d7000 JavaThread "File lock request listener" [_thread_in_native, id=5304, stack(0x000000cb68e00000,0x000000cb68f00000)]
  0x000001d0390d8000 JavaThread "Cache worker for journal cache (C:\Users\Dario\.gradle\caches\journal-1)" [_thread_blocked, id=9608, stack(0x000000cb68f00000,0x000000cb69000000)]
  0x000001d037bc8000 JavaThread "C2 CompilerThread1" daemon [_thread_in_native, id=9488, stack(0x000000cb69000000,0x000000cb69100000)]
  0x000001d0390d8800 JavaThread "Cache worker for file hash cache (C:\Users\Dario\Documents\GitHub\PMDM\Contrasenas\.gradle\7.0.2\fileHashes)" [_thread_blocked, id=11216, stack(0x000000cb69100000,0x000000cb69200000)]
  0x000001d0390da800 JavaThread "File watcher server" daemon [_thread_in_native, id=5432, stack(0x000000cb69200000,0x000000cb69300000)]
  0x000001d0390db000 JavaThread "File watcher consumer" daemon [_thread_blocked, id=8656, stack(0x000000cb69300000,0x000000cb69400000)]
  0x000001d0390dc000 JavaThread "jar transforms" [_thread_blocked, id=10396, stack(0x000000cb69400000,0x000000cb69500000)]

Other Threads:
  0x000001d035b23800 VMThread "VM Thread" [stack: 0x000000cb67500000,0x000000cb67600000] [id=1548]
  0x000001d036503800 WatcherThread [stack: 0x000000cb67f00000,0x000000cb68000000] [id=9512]
  0x000001d01bf35800 GCTaskThread "GC Thread#0" [stack: 0x000000cb67000000,0x000000cb67100000] [id=4784]
  0x000001d036c49000 GCTaskThread "GC Thread#1" [stack: 0x000000cb68100000,0x000000cb68200000] [id=880]
  0x000001d03673e800 GCTaskThread "GC Thread#2" [stack: 0x000000cb68200000,0x000000cb68300000] [id=1812]
  0x000001d0371a1000 GCTaskThread "GC Thread#3" [stack: 0x000000cb68300000,0x000000cb68400000] [id=4780]
  0x000001d01bf67000 ConcurrentGCThread "G1 Main Marker" [stack: 0x000000cb67100000,0x000000cb67200000] [id=8600]
  0x000001d01bf68800 ConcurrentGCThread "G1 Conc#0" [stack: 0x000000cb67200000,0x000000cb67300000] [id=2716]
  0x000001d01bffd800 ConcurrentGCThread "G1 Refine#0" [stack: 0x000000cb67300000,0x000000cb67400000] [id=3064]
  0x000001d035972800 ConcurrentGCThread "G1 Young RemSet Sampling" [stack: 0x000000cb67400000,0x000000cb67500000] [id=8256]

Threads with active compile tasks:
C2 CompilerThread0   4872 2212       4       java.net.URLClassLoader$1::run (5 bytes)
C2 CompilerThread1   4872 2211   !   4       java.net.URLClassLoader$1::run (63 bytes)

VM state:not at safepoint (normal execution)

VM Mutex/Monitor currently owned by a thread: None

Heap address: 0x0000000080000000, size: 2048 MB, Compressed Oops mode: 32-bit
Narrow klass base: 0x0000000000000000, Narrow klass shift: 3
Compressed class space size: 1073741824 Address: 0x0000000100000000

Heap:
 garbage-first heap   total 194560K, used 67356K [0x0000000080000000, 0x0000000100000000)
  region size 1024K, 59 young (60416K), 9 survivors (9216K)
 Metaspace       used 25919K, capacity 26621K, committed 26752K, reserved 1073152K
  class space    used 3390K, capacity 3636K, committed 3712K, reserved 1048576K
Heap Regions: E=young(eden), S=young(survivor), O=old, HS=humongous(starts), HC=humongous(continues), CS=collection set, F=free, A=archive, TAMS=top-at-mark-start (previous, next)
|   0|0x0000000080000000, 0x0000000080100000, 0x0000000080100000|100%| O|  |TAMS 0x0000000080100000, 0x0000000080000000| Untracked 
|   1|0x0000000080100000, 0x000000008010d000, 0x0000000080200000|  5%| O|  |TAMS 0x000000008010d000, 0x0000000080100000| Untracked 
|   2|0x0000000080200000, 0x0000000080200000, 0x0000000080300000|  0%| F|  |TAMS 0x0000000080200000, 0x0000000080200000| Untracked 
|   3|0x0000000080300000, 0x0000000080400000, 0x0000000080400000|100%|HS|  |TAMS 0x0000000080400000, 0x0000000080300000| Complete 
|   4|0x0000000080400000, 0x0000000080500000, 0x0000000080500000|100%|HC|  |TAMS 0x0000000080500000, 0x0000000080400000| Complete 
|   5|0x0000000080500000, 0x0000000080600000, 0x0000000080600000|100%|HC|  |TAMS 0x0000000080600000, 0x0000000080500000| Complete 
|   6|0x0000000080600000, 0x0000000080700000, 0x0000000080700000|100%| O|  |TAMS 0x0000000080700000, 0x0000000080600000| Untracked 
|   7|0x0000000080700000, 0x0000000080800000, 0x0000000080800000|100%| O|  |TAMS 0x0000000080800000, 0x0000000080700000| Untracked 
|   8|0x0000000080800000, 0x0000000080900000, 0x0000000080900000|100%| O|  |TAMS 0x0000000080900000, 0x0000000080800000| Untracked 
|   9|0x0000000080900000, 0x0000000080a00000, 0x0000000080a00000|100%| O|  |TAMS 0x0000000080a00000, 0x0000000080900000| Untracked 
|  10|0x0000000080a00000, 0x0000000080a00000, 0x0000000080b00000|  0%| F|  |TAMS 0x0000000080a00000, 0x0000000080a00000| Untracked 
|  11|0x0000000080b00000, 0x0000000080b00000, 0x0000000080c00000|  0%| F|  |TAMS 0x0000000080b00000, 0x0000000080b00000| Untracked 
|  12|0x0000000080c00000, 0x0000000080c00000, 0x0000000080d00000|  0%| F|  |TAMS 0x0000000080c00000, 0x0000000080c00000| Untracked 
|  13|0x0000000080d00000, 0x0000000080d00000, 0x0000000080e00000|  0%| F|  |TAMS 0x0000000080d00000, 0x0000000080d00000| Untracked 
|  14|0x0000000080e00000, 0x0000000080e00000, 0x0000000080f00000|  0%| F|  |TAMS 0x0000000080e00000, 0x0000000080e00000| Untracked 
|  15|0x0000000080f00000, 0x0000000080f00000, 0x0000000081000000|  0%| F|  |TAMS 0x0000000080f00000, 0x0000000080f00000| Untracked 
|  16|0x0000000081000000, 0x0000000081000000, 0x0000000081100000|  0%| F|  |TAMS 0x0000000081000000, 0x0000000081000000| Untracked 
|  17|0x0000000081100000, 0x0000000081100000, 0x0000000081200000|  0%| F|  |TAMS 0x0000000081100000, 0x0000000081100000| Untracked 
|  18|0x0000000081200000, 0x0000000081200000, 0x0000000081300000|  0%| F|  |TAMS 0x0000000081200000, 0x0000000081200000| Untracked 
|  19|0x0000000081300000, 0x0000000081300000, 0x0000000081400000|  0%| F|  |TAMS 0x0000000081300000, 0x0000000081300000| Untracked 
|  20|0x0000000081400000, 0x0000000081400000, 0x0000000081500000|  0%| F|  |TAMS 0x0000000081400000, 0x0000000081400000| Untracked 
|  21|0x0000000081500000, 0x0000000081500000, 0x0000000081600000|  0%| F|  |TAMS 0x0000000081500000, 0x0000000081500000| Untracked 
|  22|0x0000000081600000, 0x0000000081600000, 0x0000000081700000|  0%| F|  |TAMS 0x0000000081600000, 0x0000000081600000| Untracked 
|  23|0x0000000081700000, 0x0000000081700000, 0x0000000081800000|  0%| F|  |TAMS 0x0000000081700000, 0x0000000081700000| Untracked 
|  24|0x0000000081800000, 0x0000000081800000, 0x0000000081900000|  0%| F|  |TAMS 0x0000000081800000, 0x0000000081800000| Untracked 
|  25|0x0000000081900000, 0x0000000081900000, 0x0000000081a00000|  0%| F|  |TAMS 0x0000000081900000, 0x0000000081900000| Untracked 
|  26|0x0000000081a00000, 0x0000000081a00000, 0x0000000081b00000|  0%| F|  |TAMS 0x0000000081a00000, 0x0000000081a00000| Untracked 
|  27|0x0000000081b00000, 0x0000000081b00000, 0x0000000081c00000|  0%| F|  |TAMS 0x0000000081b00000, 0x0000000081b00000| Untracked 
|  28|0x0000000081c00000, 0x0000000081c00000, 0x0000000081d00000|  0%| F|  |TAMS 0x0000000081c00000, 0x0000000081c00000| Untracked 
|  29|0x0000000081d00000, 0x0000000081d00000, 0x0000000081e00000|  0%| F|  |TAMS 0x0000000081d00000, 0x0000000081d00000| Untracked 
|  30|0x0000000081e00000, 0x0000000081e00000, 0x0000000081f00000|  0%| F|  |TAMS 0x0000000081e00000, 0x0000000081e00000| Untracked 
|  31|0x0000000081f00000, 0x0000000081f00000, 0x0000000082000000|  0%| F|  |TAMS 0x0000000081f00000, 0x0000000081f00000| Untracked 
|  32|0x0000000082000000, 0x0000000082000000, 0x0000000082100000|  0%| F|  |TAMS 0x0000000082000000, 0x0000000082000000| Untracked 
|  33|0x0000000082100000, 0x0000000082100000, 0x0000000082200000|  0%| F|  |TAMS 0x0000000082100000, 0x0000000082100000| Untracked 
|  34|0x0000000082200000, 0x0000000082200000, 0x0000000082300000|  0%| F|  |TAMS 0x0000000082200000, 0x0000000082200000| Untracked 
|  35|0x0000000082300000, 0x0000000082300000, 0x0000000082400000|  0%| F|  |TAMS 0x0000000082300000, 0x0000000082300000| Untracked 
|  36|0x0000000082400000, 0x0000000082400000, 0x0000000082500000|  0%| F|  |TAMS 0x0000000082400000, 0x0000000082400000| Untracked 
|  37|0x0000000082500000, 0x0000000082500000, 0x0000000082600000|  0%| F|  |TAMS 0x0000000082500000, 0x0000000082500000| Untracked 
|  38|0x0000000082600000, 0x0000000082600000, 0x0000000082700000|  0%| F|  |TAMS 0x0000000082600000, 0x0000000082600000| Untracked 
|  39|0x0000000082700000, 0x0000000082700000, 0x0000000082800000|  0%| F|  |TAMS 0x0000000082700000, 0x0000000082700000| Untracked 
|  40|0x0000000082800000, 0x0000000082800000, 0x0000000082900000|  0%| F|  |TAMS 0x0000000082800000, 0x0000000082800000| Untracked 
|  41|0x0000000082900000, 0x0000000082900000, 0x0000000082a00000|  0%| F|  |TAMS 0x0000000082900000, 0x0000000082900000| Untracked 
|  42|0x0000000082a00000, 0x0000000082a00000, 0x0000000082b00000|  0%| F|  |TAMS 0x0000000082a00000, 0x0000000082a00000| Untracked 
|  43|0x0000000082b00000, 0x0000000082b00000, 0x0000000082c00000|  0%| F|  |TAMS 0x0000000082b00000, 0x0000000082b00000| Untracked 
|  44|0x0000000082c00000, 0x0000000082c00000, 0x0000000082d00000|  0%| F|  |TAMS 0x0000000082c00000, 0x0000000082c00000| Untracked 
|  45|0x0000000082d00000, 0x0000000082d00000, 0x0000000082e00000|  0%| F|  |TAMS 0x0000000082d00000, 0x0000000082d00000| Untracked 
|  46|0x0000000082e00000, 0x0000000082e00000, 0x0000000082f00000|  0%| F|  |TAMS 0x0000000082e00000, 0x0000000082e00000| Untracked 
|  47|0x0000000082f00000, 0x0000000082f00000, 0x0000000083000000|  0%| F|  |TAMS 0x0000000082f00000, 0x0000000082f00000| Untracked 
|  48|0x0000000083000000, 0x0000000083000000, 0x0000000083100000|  0%| F|  |TAMS 0x0000000083000000, 0x0000000083000000| Untracked 
|  49|0x0000000083100000, 0x0000000083100000, 0x0000000083200000|  0%| F|  |TAMS 0x0000000083100000, 0x0000000083100000| Untracked 
|  50|0x0000000083200000, 0x0000000083200000, 0x0000000083300000|  0%| F|  |TAMS 0x0000000083200000, 0x0000000083200000| Untracked 
|  51|0x0000000083300000, 0x0000000083300000, 0x0000000083400000|  0%| F|  |TAMS 0x0000000083300000, 0x0000000083300000| Untracked 
|  52|0x0000000083400000, 0x0000000083400000, 0x0000000083500000|  0%| F|  |TAMS 0x0000000083400000, 0x0000000083400000| Untracked 
|  53|0x0000000083500000, 0x0000000083500000, 0x0000000083600000|  0%| F|  |TAMS 0x0000000083500000, 0x0000000083500000| Untracked 
|  54|0x0000000083600000, 0x0000000083600000, 0x0000000083700000|  0%| F|  |TAMS 0x0000000083600000, 0x0000000083600000| Untracked 
|  55|0x0000000083700000, 0x0000000083700000, 0x0000000083800000|  0%| F|  |TAMS 0x0000000083700000, 0x0000000083700000| Untracked 
|  56|0x0000000083800000, 0x0000000083800000, 0x0000000083900000|  0%| F|  |TAMS 0x0000000083800000, 0x0000000083800000| Untracked 
|  57|0x0000000083900000, 0x0000000083900000, 0x0000000083a00000|  0%| F|  |TAMS 0x0000000083900000, 0x0000000083900000| Untracked 
|  58|0x0000000083a00000, 0x0000000083a00000, 0x0000000083b00000|  0%| F|  |TAMS 0x0000000083a00000, 0x0000000083a00000| Untracked 
|  59|0x0000000083b00000, 0x0000000083b00000, 0x0000000083c00000|  0%| F|  |TAMS 0x0000000083b00000, 0x0000000083b00000| Untracked 
|  60|0x0000000083c00000, 0x0000000083c00000, 0x0000000083d00000|  0%| F|  |TAMS 0x0000000083c00000, 0x0000000083c00000| Untracked 
|  61|0x0000000083d00000, 0x0000000083d00000, 0x0000000083e00000|  0%| F|  |TAMS 0x0000000083d00000, 0x0000000083d00000| Untracked 
|  62|0x0000000083e00000, 0x0000000083e00000, 0x0000000083f00000|  0%| F|  |TAMS 0x0000000083e00000, 0x0000000083e00000| Untracked 
|  63|0x0000000083f00000, 0x0000000083f00000, 0x0000000084000000|  0%| F|  |TAMS 0x0000000083f00000, 0x0000000083f00000| Untracked 
|  64|0x0000000084000000, 0x0000000084000000, 0x0000000084100000|  0%| F|  |TAMS 0x0000000084000000, 0x0000000084000000| Untracked 
|  65|0x0000000084100000, 0x0000000084100000, 0x0000000084200000|  0%| F|  |TAMS 0x0000000084100000, 0x0000000084100000| Untracked 
|  66|0x0000000084200000, 0x0000000084200000, 0x0000000084300000|  0%| F|  |TAMS 0x0000000084200000, 0x0000000084200000| Untracked 
|  67|0x0000000084300000, 0x0000000084300000, 0x0000000084400000|  0%| F|  |TAMS 0x0000000084300000, 0x0000000084300000| Untracked 
|  68|0x0000000084400000, 0x0000000084400000, 0x0000000084500000|  0%| F|  |TAMS 0x0000000084400000, 0x0000000084400000| Untracked 
|  69|0x0000000084500000, 0x0000000084500000, 0x0000000084600000|  0%| F|  |TAMS 0x0000000084500000, 0x0000000084500000| Untracked 
|  70|0x0000000084600000, 0x0000000084600000, 0x0000000084700000|  0%| F|  |TAMS 0x0000000084600000, 0x0000000084600000| Untracked 
|  71|0x0000000084700000, 0x0000000084700000, 0x0000000084800000|  0%| F|  |TAMS 0x0000000084700000, 0x0000000084700000| Untracked 
|  72|0x0000000084800000, 0x0000000084800000, 0x0000000084900000|  0%| F|  |TAMS 0x0000000084800000, 0x0000000084800000| Untracked 
|  73|0x0000000084900000, 0x0000000084900000, 0x0000000084a00000|  0%| F|  |TAMS 0x0000000084900000, 0x0000000084900000| Untracked 
|  74|0x0000000084a00000, 0x0000000084a00000, 0x0000000084b00000|  0%| F|  |TAMS 0x0000000084a00000, 0x0000000084a00000| Untracked 
|  75|0x0000000084b00000, 0x0000000084b00000, 0x0000000084c00000|  0%| F|  |TAMS 0x0000000084b00000, 0x0000000084b00000| Untracked 
|  76|0x0000000084c00000, 0x0000000084c00000, 0x0000000084d00000|  0%| F|  |TAMS 0x0000000084c00000, 0x0000000084c00000| Untracked 
|  77|0x0000000084d00000, 0x0000000084d00000, 0x0000000084e00000|  0%| F|  |TAMS 0x0000000084d00000, 0x0000000084d00000| Untracked 
|  78|0x0000000084e00000, 0x0000000084e00000, 0x0000000084f00000|  0%| F|  |TAMS 0x0000000084e00000, 0x0000000084e00000| Untracked 
|  79|0x0000000084f00000, 0x0000000084f00000, 0x0000000085000000|  0%| F|  |TAMS 0x0000000084f00000, 0x0000000084f00000| Untracked 
|  80|0x0000000085000000, 0x0000000085000000, 0x0000000085100000|  0%| F|  |TAMS 0x0000000085000000, 0x0000000085000000| Untracked 
|  81|0x0000000085100000, 0x0000000085100000, 0x0000000085200000|  0%| F|  |TAMS 0x0000000085100000, 0x0000000085100000| Untracked 
|  82|0x0000000085200000, 0x0000000085200000, 0x0000000085300000|  0%| F|  |TAMS 0x0000000085200000, 0x0000000085200000| Untracked 
|  83|0x0000000085300000, 0x0000000085300000, 0x0000000085400000|  0%| F|  |TAMS 0x0000000085300000, 0x0000000085300000| Untracked 
|  84|0x0000000085400000, 0x0000000085400000, 0x0000000085500000|  0%| F|  |TAMS 0x0000000085400000, 0x0000000085400000| Untracked 
|  85|0x0000000085500000, 0x0000000085500000, 0x0000000085600000|  0%| F|  |TAMS 0x0000000085500000, 0x0000000085500000| Untracked 
|  86|0x0000000085600000, 0x0000000085600000, 0x0000000085700000|  0%| F|  |TAMS 0x0000000085600000, 0x0000000085600000| Untracked 
|  87|0x0000000085700000, 0x0000000085700000, 0x0000000085800000|  0%| F|  |TAMS 0x0000000085700000, 0x0000000085700000| Untracked 
|  88|0x0000000085800000, 0x0000000085800000, 0x0000000085900000|  0%| F|  |TAMS 0x0000000085800000, 0x0000000085800000| Untracked 
|  89|0x0000000085900000, 0x0000000085900000, 0x0000000085a00000|  0%| F|  |TAMS 0x0000000085900000, 0x0000000085900000| Untracked 
|  90|0x0000000085a00000, 0x0000000085a00000, 0x0000000085b00000|  0%| F|  |TAMS 0x0000000085a00000, 0x0000000085a00000| Untracked 
|  91|0x0000000085b00000, 0x0000000085b00000, 0x0000000085c00000|  0%| F|  |TAMS 0x0000000085b00000, 0x0000000085b00000| Untracked 
|  92|0x0000000085c00000, 0x0000000085c00000, 0x0000000085d00000|  0%| F|  |TAMS 0x0000000085c00000, 0x0000000085c00000| Untracked 
|  93|0x0000000085d00000, 0x0000000085d00000, 0x0000000085e00000|  0%| F|  |TAMS 0x0000000085d00000, 0x0000000085d00000| Untracked 
|  94|0x0000000085e00000, 0x0000000085e00000, 0x0000000085f00000|  0%| F|  |TAMS 0x0000000085e00000, 0x0000000085e00000| Untracked 
|  95|0x0000000085f00000, 0x0000000085f00000, 0x0000000086000000|  0%| F|  |TAMS 0x0000000085f00000, 0x0000000085f00000| Untracked 
|  96|0x0000000086000000, 0x0000000086000000, 0x0000000086100000|  0%| F|  |TAMS 0x0000000086000000, 0x0000000086000000| Untracked 
|  97|0x0000000086100000, 0x0000000086100000, 0x0000000086200000|  0%| F|  |TAMS 0x0000000086100000, 0x0000000086100000| Untracked 
|  98|0x0000000086200000, 0x0000000086200000, 0x0000000086300000|  0%| F|  |TAMS 0x0000000086200000, 0x0000000086200000| Untracked 
|  99|0x0000000086300000, 0x0000000086300000, 0x0000000086400000|  0%| F|  |TAMS 0x0000000086300000, 0x0000000086300000| Untracked 
| 100|0x0000000086400000, 0x0000000086400000, 0x0000000086500000|  0%| F|  |TAMS 0x0000000086400000, 0x0000000086400000| Untracked 
| 101|0x0000000086500000, 0x0000000086500000, 0x0000000086600000|  0%| F|  |TAMS 0x0000000086500000, 0x0000000086500000| Untracked 
| 102|0x0000000086600000, 0x0000000086600000, 0x0000000086700000|  0%| F|  |TAMS 0x0000000086600000, 0x0000000086600000| Untracked 
| 103|0x0000000086700000, 0x0000000086700000, 0x0000000086800000|  0%| F|  |TAMS 0x0000000086700000, 0x0000000086700000| Untracked 
| 104|0x0000000086800000, 0x0000000086800000, 0x0000000086900000|  0%| F|  |TAMS 0x0000000086800000, 0x0000000086800000| Untracked 
| 105|0x0000000086900000, 0x0000000086900000, 0x0000000086a00000|  0%| F|  |TAMS 0x0000000086900000, 0x0000000086900000| Untracked 
| 106|0x0000000086a00000, 0x0000000086a00000, 0x0000000086b00000|  0%| F|  |TAMS 0x0000000086a00000, 0x0000000086a00000| Untracked 
| 107|0x0000000086b00000, 0x0000000086b00000, 0x0000000086c00000|  0%| F|  |TAMS 0x0000000086b00000, 0x0000000086b00000| Untracked 
| 108|0x0000000086c00000, 0x0000000086c00000, 0x0000000086d00000|  0%| F|  |TAMS 0x0000000086c00000, 0x0000000086c00000| Untracked 
| 109|0x0000000086d00000, 0x0000000086d00000, 0x0000000086e00000|  0%| F|  |TAMS 0x0000000086d00000, 0x0000000086d00000| Untracked 
| 110|0x0000000086e00000, 0x0000000086e00000, 0x0000000086f00000|  0%| F|  |TAMS 0x0000000086e00000, 0x0000000086e00000| Untracked 
| 111|0x0000000086f00000, 0x0000000086f00000, 0x0000000087000000|  0%| F|  |TAMS 0x0000000086f00000, 0x0000000086f00000| Untracked 
| 112|0x0000000087000000, 0x0000000087000000, 0x0000000087100000|  0%| F|  |TAMS 0x0000000087000000, 0x0000000087000000| Untracked 
| 113|0x0000000087100000, 0x00000000871ba010, 0x0000000087200000| 72%| S|CS|TAMS 0x0000000087100000, 0x0000000087100000| Complete 
| 114|0x0000000087200000, 0x0000000087300000, 0x0000000087300000|100%| S|CS|TAMS 0x0000000087200000, 0x0000000087200000| Complete 
| 115|0x0000000087300000, 0x0000000087400000, 0x0000000087400000|100%| S|CS|TAMS 0x0000000087300000, 0x0000000087300000| Complete 
| 116|0x0000000087400000, 0x0000000087500000, 0x0000000087500000|100%| S|CS|TAMS 0x0000000087400000, 0x0000000087400000| Complete 
| 117|0x0000000087500000, 0x0000000087600000, 0x0000000087600000|100%| S|CS|TAMS 0x0000000087500000, 0x0000000087500000| Complete 
| 118|0x0000000087600000, 0x0000000087700000, 0x0000000087700000|100%| S|CS|TAMS 0x0000000087600000, 0x0000000087600000| Complete 
| 119|0x0000000087700000, 0x0000000087800000, 0x0000000087800000|100%| S|CS|TAMS 0x0000000087700000, 0x0000000087700000| Complete 
| 120|0x0000000087800000, 0x0000000087900000, 0x0000000087900000|100%| S|CS|TAMS 0x0000000087800000, 0x0000000087800000| Complete 
| 121|0x0000000087900000, 0x0000000087a00000, 0x0000000087a00000|100%| S|CS|TAMS 0x0000000087900000, 0x0000000087900000| Complete 
| 122|0x0000000087a00000, 0x0000000087a00000, 0x0000000087b00000|  0%| F|  |TAMS 0x0000000087a00000, 0x0000000087a00000| Untracked 
| 123|0x0000000087b00000, 0x0000000087b00000, 0x0000000087c00000|  0%| F|  |TAMS 0x0000000087b00000, 0x0000000087b00000| Untracked 
| 124|0x0000000087c00000, 0x0000000087c00000, 0x0000000087d00000|  0%| F|  |TAMS 0x0000000087c00000, 0x0000000087c00000| Untracked 
| 125|0x0000000087d00000, 0x0000000087d00000, 0x0000000087e00000|  0%| F|  |TAMS 0x0000000087d00000, 0x0000000087d00000| Untracked 
| 126|0x0000000087e00000, 0x0000000087e00000, 0x0000000087f00000|  0%| F|  |TAMS 0x0000000087e00000, 0x0000000087e00000| Untracked 
| 127|0x0000000087f00000, 0x0000000087f00000, 0x0000000088000000|  0%| F|  |TAMS 0x0000000087f00000, 0x0000000087f00000| Untracked 
| 128|0x0000000088000000, 0x0000000088000000, 0x0000000088100000|  0%| F|  |TAMS 0x0000000088000000, 0x0000000088000000| Untracked 
| 129|0x0000000088100000, 0x0000000088100000, 0x0000000088200000|  0%| F|  |TAMS 0x0000000088100000, 0x0000000088100000| Untracked 
| 130|0x0000000088200000, 0x0000000088200000, 0x0000000088300000|  0%| F|  |TAMS 0x0000000088200000, 0x0000000088200000| Untracked 
| 131|0x0000000088300000, 0x0000000088300000, 0x0000000088400000|  0%| F|  |TAMS 0x0000000088300000, 0x0000000088300000| Untracked 
| 132|0x0000000088400000, 0x0000000088400000, 0x0000000088500000|  0%| F|  |TAMS 0x0000000088400000, 0x0000000088400000| Untracked 
| 133|0x0000000088500000, 0x0000000088500000, 0x0000000088600000|  0%| F|  |TAMS 0x0000000088500000, 0x0000000088500000| Untracked 
| 134|0x0000000088600000, 0x0000000088600000, 0x0000000088700000|  0%| F|  |TAMS 0x0000000088600000, 0x0000000088600000| Untracked 
| 135|0x0000000088700000, 0x0000000088700000, 0x0000000088800000|  0%| F|  |TAMS 0x0000000088700000, 0x0000000088700000| Untracked 
| 136|0x0000000088800000, 0x0000000088800000, 0x0000000088900000|  0%| F|  |TAMS 0x0000000088800000, 0x0000000088800000| Untracked 
| 137|0x0000000088900000, 0x0000000088900000, 0x0000000088a00000|  0%| F|  |TAMS 0x0000000088900000, 0x0000000088900000| Untracked 
| 138|0x0000000088a00000, 0x0000000088a00000, 0x0000000088b00000|  0%| F|  |TAMS 0x0000000088a00000, 0x0000000088a00000| Untracked 
| 139|0x0000000088b00000, 0x0000000088b00800, 0x0000000088c00000|  0%| E|  |TAMS 0x0000000088b00000, 0x0000000088b00000| Complete 
| 140|0x0000000088c00000, 0x0000000088d00000, 0x0000000088d00000|100%| E|CS|TAMS 0x0000000088c00000, 0x0000000088c00000| Complete 
| 141|0x0000000088d00000, 0x0000000088e00000, 0x0000000088e00000|100%| E|CS|TAMS 0x0000000088d00000, 0x0000000088d00000| Complete 
| 142|0x0000000088e00000, 0x0000000088f00000, 0x0000000088f00000|100%| E|CS|TAMS 0x0000000088e00000, 0x0000000088e00000| Complete 
| 143|0x0000000088f00000, 0x0000000089000000, 0x0000000089000000|100%| E|CS|TAMS 0x0000000088f00000, 0x0000000088f00000| Complete 
| 144|0x0000000089000000, 0x0000000089100000, 0x0000000089100000|100%| E|CS|TAMS 0x0000000089000000, 0x0000000089000000| Complete 
| 145|0x0000000089100000, 0x0000000089200000, 0x0000000089200000|100%| E|CS|TAMS 0x0000000089100000, 0x0000000089100000| Complete 
| 146|0x0000000089200000, 0x0000000089300000, 0x0000000089300000|100%| E|CS|TAMS 0x0000000089200000, 0x0000000089200000| Complete 
| 147|0x0000000089300000, 0x0000000089400000, 0x0000000089400000|100%| E|CS|TAMS 0x0000000089300000, 0x0000000089300000| Complete 
| 148|0x0000000089400000, 0x0000000089500000, 0x0000000089500000|100%| E|CS|TAMS 0x0000000089400000, 0x0000000089400000| Complete 
| 149|0x0000000089500000, 0x0000000089600000, 0x0000000089600000|100%| E|CS|TAMS 0x0000000089500000, 0x0000000089500000| Complete 
| 150|0x0000000089600000, 0x0000000089700000, 0x0000000089700000|100%| E|CS|TAMS 0x0000000089600000, 0x0000000089600000| Complete 
| 151|0x0000000089700000, 0x0000000089800000, 0x0000000089800000|100%| E|CS|TAMS 0x0000000089700000, 0x0000000089700000| Complete 
| 152|0x0000000089800000, 0x0000000089900000, 0x0000000089900000|100%| E|CS|TAMS 0x0000000089800000, 0x0000000089800000| Complete 
| 153|0x0000000089900000, 0x0000000089a00000, 0x0000000089a00000|100%| E|CS|TAMS 0x0000000089900000, 0x0000000089900000| Complete 
| 154|0x0000000089a00000, 0x0000000089b00000, 0x0000000089b00000|100%| E|CS|TAMS 0x0000000089a00000, 0x0000000089a00000| Complete 
| 155|0x0000000089b00000, 0x0000000089c00000, 0x0000000089c00000|100%| E|CS|TAMS 0x0000000089b00000, 0x0000000089b00000| Complete 
| 156|0x0000000089c00000, 0x0000000089d00000, 0x0000000089d00000|100%| E|CS|TAMS 0x0000000089c00000, 0x0000000089c00000| Complete 
| 157|0x0000000089d00000, 0x0000000089e00000, 0x0000000089e00000|100%| E|CS|TAMS 0x0000000089d00000, 0x0000000089d00000| Complete 
| 158|0x0000000089e00000, 0x0000000089f00000, 0x0000000089f00000|100%| E|CS|TAMS 0x0000000089e00000, 0x0000000089e00000| Complete 
| 159|0x0000000089f00000, 0x000000008a000000, 0x000000008a000000|100%| E|CS|TAMS 0x0000000089f00000, 0x0000000089f00000| Complete 
| 160|0x000000008a000000, 0x000000008a100000, 0x000000008a100000|100%| E|CS|TAMS 0x000000008a000000, 0x000000008a000000| Complete 
| 161|0x000000008a100000, 0x000000008a200000, 0x000000008a200000|100%| E|CS|TAMS 0x000000008a100000, 0x000000008a100000| Complete 
| 162|0x000000008a200000, 0x000000008a300000, 0x000000008a300000|100%| E|CS|TAMS 0x000000008a200000, 0x000000008a200000| Complete 
| 163|0x000000008a300000, 0x000000008a400000, 0x000000008a400000|100%| E|CS|TAMS 0x000000008a300000, 0x000000008a300000| Complete 
| 164|0x000000008a400000, 0x000000008a500000, 0x000000008a500000|100%| E|CS|TAMS 0x000000008a400000, 0x000000008a400000| Complete 
| 165|0x000000008a500000, 0x000000008a600000, 0x000000008a600000|100%| E|CS|TAMS 0x000000008a500000, 0x000000008a500000| Complete 
| 166|0x000000008a600000, 0x000000008a700000, 0x000000008a700000|100%| E|CS|TAMS 0x000000008a600000, 0x000000008a600000| Complete 
| 167|0x000000008a700000, 0x000000008a800000, 0x000000008a800000|100%| E|CS|TAMS 0x000000008a700000, 0x000000008a700000| Complete 
| 168|0x000000008a800000, 0x000000008a900000, 0x000000008a900000|100%| E|CS|TAMS 0x000000008a800000, 0x000000008a800000| Complete 
| 169|0x000000008a900000, 0x000000008aa00000, 0x000000008aa00000|100%| E|CS|TAMS 0x000000008a900000, 0x000000008a900000| Complete 
| 170|0x000000008aa00000, 0x000000008ab00000, 0x000000008ab00000|100%| E|CS|TAMS 0x000000008aa00000, 0x000000008aa00000| Complete 
| 171|0x000000008ab00000, 0x000000008ac00000, 0x000000008ac00000|100%| E|CS|TAMS 0x000000008ab00000, 0x000000008ab00000| Complete 
| 172|0x000000008ac00000, 0x000000008ad00000, 0x000000008ad00000|100%| E|CS|TAMS 0x000000008ac00000, 0x000000008ac00000| Complete 
| 173|0x000000008ad00000, 0x000000008ae00000, 0x000000008ae00000|100%| E|CS|TAMS 0x000000008ad00000, 0x000000008ad00000| Complete 
| 174|0x000000008ae00000, 0x000000008af00000, 0x000000008af00000|100%| E|CS|TAMS 0x000000008ae00000, 0x000000008ae00000| Complete 
| 175|0x000000008af00000, 0x000000008b000000, 0x000000008b000000|100%| E|CS|TAMS 0x000000008af00000, 0x000000008af00000| Complete 
| 176|0x000000008b000000, 0x000000008b100000, 0x000000008b100000|100%| E|CS|TAMS 0x000000008b000000, 0x000000008b000000| Complete 
| 177|0x000000008b100000, 0x000000008b200000, 0x000000008b200000|100%| E|CS|TAMS 0x000000008b100000, 0x000000008b100000| Complete 
| 178|0x000000008b200000, 0x000000008b300000, 0x000000008b300000|100%| E|CS|TAMS 0x000000008b200000, 0x000000008b200000| Complete 
| 179|0x000000008b300000, 0x000000008b400000, 0x000000008b400000|100%| E|CS|TAMS 0x000000008b300000, 0x000000008b300000| Complete 
| 180|0x000000008b400000, 0x000000008b500000, 0x000000008b500000|100%| E|CS|TAMS 0x000000008b400000, 0x000000008b400000| Complete 
| 181|0x000000008b500000, 0x000000008b600000, 0x000000008b600000|100%| E|CS|TAMS 0x000000008b500000, 0x000000008b500000| Complete 
| 182|0x000000008b600000, 0x000000008b700000, 0x000000008b700000|100%| E|CS|TAMS 0x000000008b600000, 0x000000008b600000| Complete 
| 183|0x000000008b700000, 0x000000008b800000, 0x000000008b800000|100%| E|CS|TAMS 0x000000008b700000, 0x000000008b700000| Complete 
| 184|0x000000008b800000, 0x000000008b900000, 0x000000008b900000|100%| E|CS|TAMS 0x000000008b800000, 0x000000008b800000| Complete 
| 185|0x000000008b900000, 0x000000008ba00000, 0x000000008ba00000|100%| E|CS|TAMS 0x000000008b900000, 0x000000008b900000| Complete 
| 186|0x000000008ba00000, 0x000000008bb00000, 0x000000008bb00000|100%| E|CS|TAMS 0x000000008ba00000, 0x000000008ba00000| Complete 
| 187|0x000000008bb00000, 0x000000008bc00000, 0x000000008bc00000|100%| E|CS|TAMS 0x000000008bb00000, 0x000000008bb00000| Complete 
| 188|0x000000008bc00000, 0x000000008bd00000, 0x000000008bd00000|100%| E|CS|TAMS 0x000000008bc00000, 0x000000008bc00000| Complete 
| 189|0x000000008bd00000, 0x000000008be00000, 0x000000008be00000|100%| E|CS|TAMS 0x000000008bd00000, 0x000000008bd00000| Complete 

Card table byte_map: [0x000001d02ee10000,0x000001d02f210000] _byte_map_base: 0x000001d02ea10000

Marking Bits (Prev, Next): (CMBitMap*) 0x000001d01bf5e1b0, (CMBitMap*) 0x000001d01bf5e178
 Prev Bits: [0x000001d031610000, 0x000001d033610000)
 Next Bits: [0x000001d02f610000, 0x000001d031610000)

Polling page: 0x000001d01b700000

Metaspace:

Usage:
  Non-class:     22.45 MB capacity,    22.04 MB ( 98%) used,   371.90 KB (  2%) free+waste,    54.81 KB ( <1%) overhead. 
      Class:      3.55 MB capacity,     3.32 MB ( 93%) used,   214.21 KB (  6%) free+waste,    27.81 KB ( <1%) overhead. 
       Both:     26.01 MB capacity,    25.36 MB ( 97%) used,   586.11 KB (  2%) free+waste,    82.63 KB ( <1%) overhead. 

Virtual space:
  Non-class space:       24.00 MB reserved,      22.50 MB ( 94%) committed 
      Class space:        1.00 GB reserved,       3.63 MB ( <1%) committed 
             Both:        1.02 GB reserved,      26.13 MB (  2%) committed 

Chunk freelists:
   Non-Class:  47.00 KB
       Class:  8.00 KB
        Both:  55.00 KB

MaxMetaspaceSize: 17179869184.00 GB
CompressedClassSpaceSize: 1.00 GB

CodeHeap 'non-profiled nmethods': size=120064Kb used=1099Kb max_used=1099Kb free=118964Kb
 bounds [0x000001d0274d0000, 0x000001d027740000, 0x000001d02ea10000]
CodeHeap 'profiled nmethods': size=120000Kb used=4742Kb max_used=4742Kb free=115257Kb
 bounds [0x000001d01ffa0000, 0x000001d020450000, 0x000001d0274d0000]
CodeHeap 'non-nmethods': size=5696Kb used=1150Kb max_used=1181Kb free=4545Kb
 bounds [0x000001d01fa10000, 0x000001d01fc80000, 0x000001d01ffa0000]
 total_blobs=2751 nmethods=2249 adapters=414
 compilation: enabled
              stopped_count=0, restarted_count=0
 full_count=0

Compilation events (20 events):
Event: 4.730 Thread 0x000001d036396000 2224       3       java.lang.invoke.MemberName::<init> (131 bytes)
Event: 4.732 Thread 0x000001d036396000 nmethod 2224 0x000001d02042f490 code [0x000001d02042f7e0, 0x000001d020430bd8]
Event: 4.734 Thread 0x000001d036396000 2225       3       java.lang.invoke.MemberName::hashCode (43 bytes)
Event: 4.736 Thread 0x000001d036396000 nmethod 2225 0x000001d020431190 code [0x000001d020431400, 0x000001d0204320a8]
Event: 4.736 Thread 0x000001d036396000 2226       3       java.lang.Byte::hashCode (8 bytes)
Event: 4.736 Thread 0x000001d036396000 nmethod 2226 0x000001d020432410 code [0x000001d0204325c0, 0x000001d020432718]
Event: 4.736 Thread 0x000001d036396000 2227       3       java.lang.Byte::hashCode (2 bytes)
Event: 4.736 Thread 0x000001d036396000 nmethod 2227 0x000001d020432810 code [0x000001d0204329c0, 0x000001d020432a98]
Event: 4.767 Thread 0x000001d036396000 2230       3       java.util.concurrent.locks.ReentrantLock$Sync::nonfairTryAcquire (67 bytes)
Event: 4.769 Thread 0x000001d036396000 nmethod 2230 0x000001d020432b10 code [0x000001d020432d60, 0x000001d0204335e8]
Event: 4.777 Thread 0x000001d036396000 2231       3       java.lang.Short::<init> (10 bytes)
Event: 4.778 Thread 0x000001d036396000 nmethod 2231 0x000001d020433910 code [0x000001d020433ac0, 0x000001d020433c78]
Event: 4.785 Thread 0x000001d036396000 2232       3       java.net.URL::toURI (54 bytes)
Event: 4.786 Thread 0x000001d036396000 nmethod 2232 0x000001d020433d90 code [0x000001d0204340a0, 0x000001d0204350d8]
Event: 4.787 Thread 0x000001d036396000 2233       3       java.net.URI$Parser::scan (76 bytes)
Event: 4.788 Thread 0x000001d036396000 nmethod 2233 0x000001d020435690 code [0x000001d0204358e0, 0x000001d020436178]
Event: 4.788 Thread 0x000001d036396000 2234   !   3       java.lang.invoke.MethodHandleNatives::linkMethodHandleConstant (50 bytes)
Event: 4.788 Thread 0x000001d036396000 nmethod 2234 0x000001d020436510 code [0x000001d0204366e0, 0x000001d0204368c8]
Event: 4.788 Thread 0x000001d036396000 2235       3       java.lang.invoke.MethodHandles$Lookup::linkMethodHandleConstant (220 bytes)
Event: 4.791 Thread 0x000001d036396000 nmethod 2235 0x000001d020436a90 code [0x000001d020436e80, 0x000001d020438a18]

GC Heap History (8 events):
Event: 0.718 GC heap before
{Heap before GC invocations=0 (full 0):
 garbage-first heap   total 194560K, used 19456K [0x0000000080000000, 0x0000000100000000)
  region size 1024K, 14 young (14336K), 0 survivors (0K)
 Metaspace       used 6736K, capacity 6921K, committed 7168K, reserved 1056768K
  class space    used 582K, capacity 650K, committed 768K, reserved 1048576K
}
Event: 0.724 GC heap after
{Heap after GC invocations=1 (full 0):
 garbage-first heap   total 194560K, used 8438K [0x0000000080000000, 0x0000000100000000)
  region size 1024K, 2 young (2048K), 2 survivors (2048K)
 Metaspace       used 6736K, capacity 6921K, committed 7168K, reserved 1056768K
  class space    used 582K, capacity 650K, committed 768K, reserved 1048576K
}
Event: 1.116 GC heap before
{Heap before GC invocations=1 (full 0):
 garbage-first heap   total 194560K, used 19702K [0x0000000080000000, 0x0000000100000000)
  region size 1024K, 13 young (13312K), 2 survivors (2048K)
 Metaspace       used 10196K, capacity 10421K, committed 10624K, reserved 1058816K
  class space    used 1064K, capacity 1139K, committed 1152K, reserved 1048576K
}
Event: 1.121 GC heap after
{Heap after GC invocations=2 (full 0):
 garbage-first heap   total 194560K, used 9540K [0x0000000080000000, 0x0000000100000000)
  region size 1024K, 2 young (2048K), 2 survivors (2048K)
 Metaspace       used 10196K, capacity 10421K, committed 10624K, reserved 1058816K
  class space    used 1064K, capacity 1139K, committed 1152K, reserved 1048576K
}
Event: 1.697 GC heap before
{Heap before GC invocations=2 (full 0):
 garbage-first heap   total 194560K, used 38212K [0x0000000080000000, 0x0000000100000000)
  region size 1024K, 30 young (30720K), 2 survivors (2048K)
 Metaspace       used 11143K, capacity 11438K, committed 11520K, reserved 1058816K
  class space    used 1165K, capacity 1243K, committed 1280K, reserved 1048576K
}
Event: 1.700 GC heap after
{Heap after GC invocations=3 (full 0):
 garbage-first heap   total 194560K, used 12233K [0x0000000080000000, 0x0000000100000000)
  region size 1024K, 3 young (3072K), 3 survivors (3072K)
 Metaspace       used 11143K, capacity 11438K, committed 11520K, reserved 1058816K
  class space    used 1165K, capacity 1243K, committed 1280K, reserved 1048576K
}
Event: 3.791 GC heap before
{Heap before GC invocations=3 (full 0):
 garbage-first heap   total 194560K, used 77769K [0x0000000080000000, 0x0000000100000000)
  region size 1024K, 68 young (69632K), 3 survivors (3072K)
 Metaspace       used 20530K, capacity 21087K, committed 21248K, reserved 1067008K
  class space    used 2509K, capacity 2701K, committed 2816K, reserved 1048576K
}
Event: 3.802 GC heap after
{Heap after GC invocations=4 (full 0):
 garbage-first heap   total 194560K, used 17180K [0x0000000080000000, 0x0000000100000000)
  region size 1024K, 9 young (9216K), 9 survivors (9216K)
 Metaspace       used 20530K, capacity 21087K, committed 21248K, reserved 1067008K
  class space    used 2509K, capacity 2701K, committed 2816K, reserved 1048576K
}

Deoptimization events (20 events):
Event: 4.653 Thread 0x000001d03780c800 Uncommon trap: trap_request=0xffffff7e fr.pc=0x000001d0275cb058 relative=0x0000000000000178
Event: 4.653 Thread 0x000001d03780c800 Uncommon trap: reason=predicate action=maybe_recompile pc=0x000001d0275cb058 method=com.google.common.base.CharMatcher.indexIn(Ljava/lang/CharSequence;I)I @ 19 c2
Event: 4.653 Thread 0x000001d03780c800 DEOPT PACKING pc=0x000001d0275cb058 sp=0x000000cb689fbcf0
Event: 4.653 Thread 0x000001d03780c800 DEOPT UNPACKING pc=0x000001d01fa36ca9 sp=0x000000cb689fbc80 mode 2
Event: 4.753 Thread 0x000001d03780c800 Uncommon trap: trap_request=0xffffffde fr.pc=0x000001d0275b6aa8 relative=0x00000000000002e8
Event: 4.753 Thread 0x000001d03780c800 Uncommon trap: reason=class_check action=maybe_recompile pc=0x000001d0275b6aa8 method=java.util.Collections$SetFromMap.remove(Ljava/lang/Object;)Z @ 5 c2
Event: 4.753 Thread 0x000001d03780c800 DEOPT PACKING pc=0x000001d0275b6aa8 sp=0x000000cb689fc700
Event: 4.753 Thread 0x000001d03780c800 DEOPT UNPACKING pc=0x000001d01fa36ca9 sp=0x000000cb689fc6f8 mode 2
Event: 4.753 Thread 0x000001d03780c800 Uncommon trap: trap_request=0xffffffde fr.pc=0x000001d0275b6aa8 relative=0x00000000000002e8
Event: 4.753 Thread 0x000001d03780c800 Uncommon trap: reason=class_check action=maybe_recompile pc=0x000001d0275b6aa8 method=java.util.Collections$SetFromMap.remove(Ljava/lang/Object;)Z @ 5 c2
Event: 4.753 Thread 0x000001d03780c800 DEOPT PACKING pc=0x000001d0275b6aa8 sp=0x000000cb689fc680
Event: 4.753 Thread 0x000001d03780c800 DEOPT UNPACKING pc=0x000001d01fa36ca9 sp=0x000000cb689fc678 mode 2
Event: 4.785 Thread 0x000001d03780c800 Uncommon trap: trap_request=0xffffff4d fr.pc=0x000001d02751e5a8 relative=0x00000000000001e8
Event: 4.785 Thread 0x000001d03780c800 Uncommon trap: reason=unstable_if action=reinterpret pc=0x000001d02751e5a8 method=java.net.URI.match(CJJ)Z @ 19 c2
Event: 4.785 Thread 0x000001d03780c800 DEOPT PACKING pc=0x000001d02751e5a8 sp=0x000000cb689fbca0
Event: 4.785 Thread 0x000001d03780c800 DEOPT UNPACKING pc=0x000001d01fa36ca9 sp=0x000000cb689fbba0 mode 2
Event: 4.785 Thread 0x000001d03780c800 Uncommon trap: trap_request=0xffffff4d fr.pc=0x000001d0274ecce8 relative=0x0000000000000048
Event: 4.785 Thread 0x000001d03780c800 Uncommon trap: reason=unstable_if action=reinterpret pc=0x000001d0274ecce8 method=java.net.URI.match(CJJ)Z @ 19 c2
Event: 4.785 Thread 0x000001d03780c800 DEOPT PACKING pc=0x000001d0274ecce8 sp=0x000000cb689fbbe0
Event: 4.785 Thread 0x000001d03780c800 DEOPT UNPACKING pc=0x000001d01fa36ca9 sp=0x000000cb689fbb90 mode 2

Classes redefined (0 events):
No events

Internal exceptions (20 events):
Event: 3.628 Thread 0x000001d03780c800 Exception <a 'java/lang/NoSuchMethodError'{0x00000000882be138}: 'void java.lang.invoke.DirectMethodHandle$Holder.invokeInterface(java.lang.Object, java.lang.Object)'> (0x00000000882be138) thrown at [./src/hotspot/share/interpreter/linkResolver.cpp, line 773]
Event: 3.629 Thread 0x000001d03780c800 Exception <a 'java/lang/IncompatibleClassChangeError'{0x00000000882c12e8}: Found class java.lang.Object, but interface was expected> (0x00000000882c12e8) thrown at [./src/hotspot/share/interpreter/linkResolver.cpp, line 839]
Event: 3.649 Thread 0x000001d03780c800 Exception <a 'java/lang/NoSuchMethodError'{0x0000000088035f30}: 'void java.lang.invoke.DirectMethodHandle$Holder.invokeStaticInit(java.lang.Object)'> (0x0000000088035f30) thrown at [./src/hotspot/share/interpreter/linkResolver.cpp, line 773]
Event: 3.708 Thread 0x000001d03780c800 Exception <a 'java/lang/NoSuchMethodError'{0x0000000087eae320}: 'java.lang.Object java.lang.invoke.DirectMethodHandle$Holder.invokeStatic(java.lang.Object, java.lang.Object, java.lang.Object, int)'> (0x0000000087eae320) thrown at [./src/hotspot/share/interpreter/linkResolver.cpp, line 773]
Event: 3.708 Thread 0x000001d03780c800 Exception <a 'java/lang/NoSuchMethodError'{0x0000000087eb24e8}: 'java.lang.Object java.lang.invoke.DirectMethodHandle$Holder.invokeSpecial(java.lang.Object, java.lang.Object, java.lang.Object, java.lang.Object, int)'> (0x0000000087eb24e8) thrown at [./src/hotspot/share/interpreter/linkResolver.cpp, line 773]
Event: 3.708 Thread 0x000001d03780c800 Exception <a 'java/lang/NoSuchMethodError'{0x0000000087eb5ed0}: 'java.lang.Object java.lang.invoke.Invokers$Holder.linkToTargetMethod(java.lang.Object, java.lang.Object, int, java.lang.Object)'> (0x0000000087eb5ed0) thrown at [./src/hotspot/share/interpreter/linkResolver.cpp, line 773]
Event: 3.825 Thread 0x000001d03780c800 Exception <a 'java/lang/NoSuchMethodError'{0x000000008bdef028}: 'int java.lang.invoke.DirectMethodHandle$Holder.invokeSpecialIFC(java.lang.Object, java.lang.Object, java.lang.Object, java.lang.Object)'> (0x000000008bdef028) thrown at [./src/hotspot/share/interpreter/linkResolver.cpp, line 773]
Event: 3.827 Thread 0x000001d03780c800 Exception <a 'java/lang/NoSuchMethodError'{0x000000008bdfcde8}: 'java.lang.Object java.lang.invoke.DirectMethodHandle$Holder.invokeInterface(java.lang.Object, java.lang.Object, java.lang.Object)'> (0x000000008bdfcde8) thrown at [./src/hotspot/share/interpreter/linkResolver.cpp, line 773]
Event: 3.828 Thread 0x000001d03780c800 Exception <a 'java/lang/IncompatibleClassChangeError'{0x000000008bc00848}: Found class java.lang.Object, but interface was expected> (0x000000008bc00848) thrown at [./src/hotspot/share/interpreter/linkResolver.cpp, line 839]
Event: 3.840 Thread 0x000001d03780c800 Exception <a 'java/lang/NoSuchMethodError'{0x000000008bcea3d8}: 'void java.lang.invoke.DirectMethodHandle$Holder.invokeStatic(java.lang.Object, java.lang.Object, java.lang.Object, java.lang.Object, java.lang.Object)'> (0x000000008bcea3d8) thrown at [./src/hotspot/share/interpreter/linkResolver.cpp, line 773]
Event: 3.930 Thread 0x000001d03780c800 Exception <a 'java/lang/NoSuchMethodError'{0x000000008b7a85f8}: 'void java.lang.invoke.DirectMethodHandle$Holder.invokeSpecial(java.lang.Object, java.lang.Object)'> (0x000000008b7a85f8) thrown at [./src/hotspot/share/interpreter/linkResolver.cpp, line 773]
Event: 3.973 Thread 0x000001d03780c800 Exception <a 'java/lang/NoSuchMethodError'{0x000000008b5db200}: 'java.lang.Object java.lang.invoke.DirectMethodHandle$Holder.invokeSpecial(java.lang.Object, java.lang.Object, java.lang.Object, java.lang.Object, java.lang.Object, java.lang.Object, java.lang.Object, java.lang.Object, java.lang.Object)'> (0x000000008b5db200) thrown at [./src/hotspot/share/interpreter/linkResolver.cpp, line 773]
Event: 4.055 Thread 0x000001d03780c800 Exception <a 'java/lang/NoSuchMethodError'{0x000000008abb7218}: 'java.lang.Object java.lang.invoke.DirectMethodHandle$Holder.invokeVirtual(java.lang.Object, java.lang.Object, java.lang.Object, java.lang.Object)'> (0x000000008abb7218) thrown at [./src/hotspot/share/interpreter/linkResolver.cpp, line 773]
Event: 4.080 Thread 0x000001d03780c800 Exception <a 'java/lang/NoSuchMethodError'{0x000000008a87f138}: 'java.lang.Object java.lang.invoke.Invokers$Holder.invoker(java.lang.Object, java.lang.Object, java.lang.Object, java.lang.Object, java.lang.Object)'> (0x000000008a87f138) thrown at [./src/hotspot/share/interpreter/linkResolver.cpp, line 773]
Event: 4.192 Thread 0x000001d03780c800 Exception <a 'java/lang/NoSuchMethodError'{0x000000008a4cb600}: 'void java.lang.invoke.DirectMethodHandle$Holder.invokeSpecial(java.lang.Object, java.lang.Object, java.lang.Object, java.lang.Object, java.lang.Object, java.lang.Object)'> (0x000000008a4cb600) thrown at [./src/hotspot/share/interpreter/linkResolver.cpp, line 773]
Event: 4.210 Thread 0x000001d03780c800 Exception <a 'java/lang/NoSuchMethodError'{0x000000008a331048}: 'void java.lang.invoke.DirectMethodHandle$Holder.invokeSpecial(java.lang.Object, java.lang.Object, java.lang.Object, java.lang.Object, java.lang.Object, java.lang.Object, java.lang.Object)'> (0x000000008a331048) thrown at [./src/hotspot/share/interpreter/linkResolver.cpp, line 773]
Event: 4.211 Thread 0x000001d03780c800 Exception <a 'java/lang/NoSuchMethodError'{0x000000008a339290}: 'java.lang.Object java.lang.invoke.Invokers$Holder.linkToTargetMethod(java.lang.Object, java.lang.Object, java.lang.Object, java.lang.Object, java.lang.Object, java.lang.Object)'> (0x000000008a339290) thrown at [./src/hotspot/share/interpreter/linkResolver.cpp, line 773]
Event: 4.506 Thread 0x000001d03780c800 Exception <a 'java/lang/NoSuchMethodError'{0x00000000896b7008}: 'void java.lang.invoke.DirectMethodHandle$Holder.invokeStaticInit(java.lang.Object, java.lang.Object)'> (0x00000000896b7008) thrown at [./src/hotspot/share/interpreter/linkResolver.cpp, line 773]
Event: 4.733 Thread 0x000001d03780c800 Exception <a 'java/lang/NoSuchMethodError'{0x0000000088f08cb8}: 'void java.lang.invoke.DirectMethodHandle$Holder.invokeStatic(java.lang.Object, java.lang.Object, java.lang.Object, java.lang.Object)'> (0x0000000088f08cb8) thrown at [./src/hotspot/share/interpreter/linkResolver.cpp, line 773]
Event: 4.739 Thread 0x000001d03780c800 Exception <a 'java/lang/NoSuchMethodError'{0x0000000088f1c718}: 'int java.lang.invoke.DirectMethodHandle$Holder.invokeInterface(java.lang.Object, java.lang.Object)'> (0x0000000088f1c718) thrown at [./src/hotspot/share/interpreter/linkResolver.cpp, line 773]

Events (20 events):
Event: 4.791 loading class net/rubygrapefruit/platform/internal/WindowsFileStat
Event: 4.791 loading class net/rubygrapefruit/platform/internal/WindowsFileStat done
Event: 4.791 loading class net/rubygrapefruit/platform/internal/jni/WindowsFileFunctions
Event: 4.791 loading class net/rubygrapefruit/platform/internal/jni/WindowsFileFunctions done
Event: 4.792 loading class net/rubygrapefruit/platform/file/FileInfo$Type
Event: 4.792 loading class net/rubygrapefruit/platform/file/FileInfo$Type done
Event: 4.793 loading class net/rubygrapefruit/platform/internal/WindowsFileTime
Event: 4.793 loading class net/rubygrapefruit/platform/internal/WindowsFileTime done
Event: 4.800 loading class org/gradle/internal/file/FileMetadata$AccessType
Event: 4.800 loading class org/gradle/internal/file/FileMetadata$AccessType done
Event: 4.801 loading class org/gradle/internal/nativeintegration/filesystem/services/NativePlatformBackedFileMetadataAccessor$1
Event: 4.801 loading class org/gradle/internal/nativeintegration/filesystem/services/NativePlatformBackedFileMetadataAccessor$1 done
Event: 4.802 loading class org/gradle/internal/file/impl/DefaultFileMetadata
Event: 4.802 loading class org/gradle/internal/file/impl/DefaultFileMetadata done
Event: 4.802 loading class org/gradle/internal/file/FileMetadata
Event: 4.802 loading class org/gradle/internal/file/FileMetadata done
Event: 4.803 loading class org/gradle/internal/file/FileType
Event: 4.803 loading class org/gradle/internal/file/FileType done
Event: 4.803 loading class org/gradle/internal/vfs/impl/DefaultFileSystemAccess$1
Event: 4.803 loading class org/gradle/internal/vfs/impl/DefaultFileSystemAccess$1 done


Dynamic libraries:
0x00007ff669bb0000 - 0x00007ff669bba000 	C:\Program Files\Android\Android Studio3\jre\bin\java.exe
0x00007ffd4d310000 - 0x00007ffd4d505000 	C:\WINDOWS\SYSTEM32\ntdll.dll
0x00007ffd4cf80000 - 0x00007ffd4d03e000 	C:\WINDOWS\System32\KERNEL32.DLL
0x00007ffd4abe0000 - 0x00007ffd4aea9000 	C:\WINDOWS\System32\KERNELBASE.dll
0x00007ffd4b1d0000 - 0x00007ffd4b2d0000 	C:\WINDOWS\System32\ucrtbase.dll
0x00007ffd30e70000 - 0x00007ffd30e89000 	C:\Program Files\Android\Android Studio3\jre\bin\jli.dll
0x00007ffd348c0000 - 0x00007ffd348d7000 	C:\Program Files\Android\Android Studio3\jre\bin\VCRUNTIME140.dll
0x00007ffd4bf00000 - 0x00007ffd4c0a1000 	C:\WINDOWS\System32\USER32.dll
0x00007ffd39fb0000 - 0x00007ffd3a24a000 	C:\WINDOWS\WinSxS\amd64_microsoft.windows.common-controls_6595b64144ccf1df_6.0.19041.1110_none_60b5254171f9507e\COMCTL32.dll
0x00007ffd4b090000 - 0x00007ffd4b0b2000 	C:\WINDOWS\System32\win32u.dll
0x00007ffd4d0f0000 - 0x00007ffd4d11b000 	C:\WINDOWS\System32\GDI32.dll
0x00007ffd4cc60000 - 0x00007ffd4ccfe000 	C:\WINDOWS\System32\msvcrt.dll
0x00007ffd4b0c0000 - 0x00007ffd4b1cb000 	C:\WINDOWS\System32\gdi32full.dll
0x00007ffd4aeb0000 - 0x00007ffd4af4d000 	C:\WINDOWS\System32\msvcp_win.dll
0x00007ffd4ca20000 - 0x00007ffd4ca50000 	C:\WINDOWS\System32\IMM32.DLL
0x00007ffd14d90000 - 0x00007ffd14e2d000 	C:\Program Files\Android\Android Studio3\jre\bin\msvcp140.dll
0x00007ffcfdc60000 - 0x00007ffcfe72f000 	C:\Program Files\Android\Android Studio3\jre\bin\server\jvm.dll
0x00007ffd4c0c0000 - 0x00007ffd4c16c000 	C:\WINDOWS\System32\ADVAPI32.dll
0x00007ffd4c1f0000 - 0x00007ffd4c28b000 	C:\WINDOWS\System32\sechost.dll
0x00007ffd4c340000 - 0x00007ffd4c46a000 	C:\WINDOWS\System32\RPCRT4.dll
0x00007ffd4baa0000 - 0x00007ffd4baa8000 	C:\WINDOWS\System32\PSAPI.DLL
0x00007ffd2cc30000 - 0x00007ffd2cc39000 	C:\WINDOWS\SYSTEM32\WSOCK32.dll
0x00007ffd36e80000 - 0x00007ffd36ea7000 	C:\WINDOWS\SYSTEM32\WINMM.dll
0x00007ffd3fed0000 - 0x00007ffd3feda000 	C:\WINDOWS\SYSTEM32\VERSION.dll
0x00007ffd4cbf0000 - 0x00007ffd4cc5b000 	C:\WINDOWS\System32\WS2_32.dll
0x00007ffd492e0000 - 0x00007ffd492f2000 	C:\WINDOWS\SYSTEM32\kernel.appcore.dll
0x00007ffd42f90000 - 0x00007ffd42fa1000 	C:\Program Files\Android\Android Studio3\jre\bin\verify.dll
0x00007ffd48fb0000 - 0x00007ffd49194000 	C:\WINDOWS\SYSTEM32\DBGHELP.DLL
0x00007ffd33d50000 - 0x00007ffd33d7c000 	C:\WINDOWS\SYSTEM32\dbgcore.DLL
0x00007ffd4b2d0000 - 0x00007ffd4b353000 	C:\WINDOWS\System32\bcryptPrimitives.dll
0x00007ffd3aaf0000 - 0x00007ffd3ab19000 	C:\Program Files\Android\Android Studio3\jre\bin\java.dll
0x00007ffd42f80000 - 0x00007ffd42f8b000 	C:\Program Files\Android\Android Studio3\jre\bin\jimage.dll
0x00007ffd38dc0000 - 0x00007ffd38dd8000 	C:\Program Files\Android\Android Studio3\jre\bin\zip.dll
0x00007ffd4b360000 - 0x00007ffd4ba9f000 	C:\WINDOWS\System32\SHELL32.dll
0x00007ffd48750000 - 0x00007ffd48ee0000 	C:\WINDOWS\SYSTEM32\windows.storage.dll
0x00007ffd4bab0000 - 0x00007ffd4be05000 	C:\WINDOWS\System32\combase.dll
0x00007ffd4a3b0000 - 0x00007ffd4a3dc000 	C:\WINDOWS\SYSTEM32\Wldp.dll
0x00007ffd4c290000 - 0x00007ffd4c33d000 	C:\WINDOWS\System32\SHCORE.dll
0x00007ffd4c170000 - 0x00007ffd4c1c5000 	C:\WINDOWS\System32\shlwapi.dll
0x00007ffd4a970000 - 0x00007ffd4a98f000 	C:\WINDOWS\SYSTEM32\profapi.dll
0x00007ffd38da0000 - 0x00007ffd38dba000 	C:\Program Files\Android\Android Studio3\jre\bin\net.dll
0x00007ffd42a10000 - 0x00007ffd42b18000 	C:\WINDOWS\SYSTEM32\WINHTTP.dll
0x00007ffd4a110000 - 0x00007ffd4a17a000 	C:\WINDOWS\system32\mswsock.dll
0x00007ffd38930000 - 0x00007ffd38944000 	C:\Program Files\Android\Android Studio3\jre\bin\nio.dll
0x00007ffd31c00000 - 0x00007ffd31c27000 	C:\Users\Dario\.gradle\native\8bec1ad78214c89d9ad589b4d07fe93259594b29d510b10fafb7a158f7737e5d\windows-amd64\native-platform.dll
0x00007ffd15d30000 - 0x00007ffd15e6d000 	C:\Users\Dario\.gradle\native\53dbd7edfb1c66fb8903c78663c9afc45aea4f116125fa6feffd364cf09443e8\windows-amd64\native-platform-file-events.dll
0x00007ffd42f70000 - 0x00007ffd42f7a000 	C:\Program Files\Android\Android Studio3\jre\bin\management.dll
0x00007ffd410a0000 - 0x00007ffd410ac000 	C:\Program Files\Android\Android Studio3\jre\bin\management_ext.dll
0x00007ffd4a310000 - 0x00007ffd4a328000 	C:\WINDOWS\SYSTEM32\CRYPTSP.dll
0x00007ffd49a90000 - 0x00007ffd49ac4000 	C:\WINDOWS\system32\rsaenh.dll
0x00007ffd4b060000 - 0x00007ffd4b087000 	C:\WINDOWS\System32\bcrypt.dll
0x00007ffd4a930000 - 0x00007ffd4a95e000 	C:\WINDOWS\SYSTEM32\USERENV.dll
0x00007ffd4a300000 - 0x00007ffd4a30c000 	C:\WINDOWS\SYSTEM32\CRYPTBASE.dll
0x00007ffd49e00000 - 0x00007ffd49e3b000 	C:\WINDOWS\SYSTEM32\IPHLPAPI.DLL
0x00007ffd4be10000 - 0x00007ffd4be18000 	C:\WINDOWS\System32\NSI.dll
0x00007ffd395f0000 - 0x00007ffd39607000 	C:\WINDOWS\SYSTEM32\dhcpcsvc6.DLL
0x00007ffd3ad60000 - 0x00007ffd3ad7d000 	C:\WINDOWS\SYSTEM32\dhcpcsvc.DLL
0x00007ffd49e40000 - 0x00007ffd49f0c000 	C:\WINDOWS\SYSTEM32\DNSAPI.dll

dbghelp: loaded successfully - version: 4.0.5 - missing functions: none
symbol engine: initialized successfully - sym options: 0x614 - pdb path: .;C:\Program Files\Android\Android Studio3\jre\bin;C:\WINDOWS\SYSTEM32;C:\WINDOWS\WinSxS\amd64_microsoft.windows.common-controls_6595b64144ccf1df_6.0.19041.1110_none_60b5254171f9507e;C:\Program Files\Android\Android Studio3\jre\bin\server;C:\Users\Dario\.gradle\native\8bec1ad78214c89d9ad589b4d07fe93259594b29d510b10fafb7a158f7737e5d\windows-amd64;C:\Users\Dario\.gradle\native\53dbd7edfb1c66fb8903c78663c9afc45aea4f116125fa6feffd364cf09443e8\windows-amd64

VM Arguments:
jvm_args: --add-opens=java.base/java.util=ALL-UNNAMED --add-opens=java.base/java.lang=ALL-UNNAMED --add-opens=java.base/java.lang.invoke=ALL-UNNAMED --add-opens=java.base/java.util=ALL-UNNAMED --add-opens=java.prefs/java.util.prefs=ALL-UNNAMED --add-opens=java.prefs/java.util.prefs=ALL-UNNAMED --add-opens=java.base/java.nio.charset=ALL-UNNAMED --add-opens=java.base/java.net=ALL-UNNAMED --add-opens=java.base/java.util.concurrent.atomic=ALL-UNNAMED -Xmx2048m -Dfile.encoding=UTF-8 -Duser.country=ES -Duser.language=es -Duser.variant 
java_command: org.gradle.launcher.daemon.bootstrap.GradleDaemon 7.0.2
java_class_path (initial): C:\Users\Dario\.gradle\wrapper\dists\gradle-7.0.2-bin\857tjihv64xamwrf0h14cai3r\gradle-7.0.2\lib\gradle-launcher-7.0.2.jar
Launcher Type: SUN_STANDARD

[Global flags]
     intx CICompilerCount                          = 3                                         {product} {ergonomic}
     uint ConcGCThreads                            = 1                                         {product} {ergonomic}
     uint G1ConcRefinementThreads                  = 4                                         {product} {ergonomic}
   size_t G1HeapRegionSize                         = 1048576                                   {product} {ergonomic}
    uintx GCDrainStackTargetSize                   = 64                                        {product} {ergonomic}
   size_t InitialHeapSize                          = 199229440                                 {product} {ergonomic}
   size_t MarkStackSize                            = 4194304                                   {product} {ergonomic}
   size_t MaxHeapSize                              = 2147483648                                {product} {command line}
   size_t MaxNewSize                               = 1287651328                                {product} {ergonomic}
   size_t MinHeapDeltaBytes                        = 1048576                                   {product} {ergonomic}
    uintx NonNMethodCodeHeapSize                   = 5830732                                {pd product} {ergonomic}
    uintx NonProfiledCodeHeapSize                  = 122913754                              {pd product} {ergonomic}
    uintx ProfiledCodeHeapSize                     = 122913754                              {pd product} {ergonomic}
    uintx ReservedCodeCacheSize                    = 251658240                              {pd product} {ergonomic}
     bool SegmentedCodeCache                       = true                                      {product} {ergonomic}
     bool UseCompressedClassPointers               = true                                 {lp64_product} {ergonomic}
     bool UseCompressedOops                        = true                                 {lp64_product} {ergonomic}
     bool UseG1GC                                  = true                                      {product} {ergonomic}
     bool UseLargePagesIndividualAllocation        = false                                  {pd product} {ergonomic}

Logging:
Log output configuration:
 #0: stdout all=warning uptime,level,tags
 #1: stderr all=off uptime,level,tags

Environment Variables:
JAVA_HOME=C:\Program Files\Java\jdk-17
PATH=C:\Program Files\Common Files\Oracle\Java\javapath;C:\Program Files (x86)\Common Files\Oracle\Java\javapath;C:\Windows\system32;C:\Windows;C:\Windows\System32\wbem;C:\Windows\System32\WindowsPowerShell\v1.0;C:\Windows\System32\OpenSSH\;C:\WINDOWS\system32;C:\WINDOWS;C:\WINDOWS\System32\Wbem;C:\WINDOWS\System32\WindowsPowerShell\v1.0\;C:\WINDOWS\System32\OpenSSH\;C:\Program Files\Intel\WiFi\bin\;C:\Program Files\Common Files\Intel\WirelessCommon\;C:\Program Files\Microsoft SQL Server\Client SDK\ODBC\170\Tools\Binn\;C:\Program Files (x86)\Microsoft SQL Server\150\Tools\Binn\;C:\Program Files\Microsoft SQL Server\150\Tools\Binn\;C:\Program Files\Microsoft SQL Server\150\DTS\Binn\;C:\Program Files\Microsoft SQL Server\130\Tools\Binn\;C:\Program Files (x86)\Microsoft SQL Server\150\DTS\Binn\;C:\Program Files\Git\cmd;C:\Program Files\PuTTY\;C:\Users\Dario\AppData\Local\Microsoft\WindowsApps;C:\Users\Dario\AppData\Local\GitHubDesktop\bin;
USERNAME=Dario
OS=Windows_NT
PROCESSOR_IDENTIFIER=Intel64 Family 6 Model 122 Stepping 8, GenuineIntel



---------------  S Y S T E M  ---------------

OS: Windows 10 , 64 bit Build 19041 (10.0.19041.1202)
OS uptime: 7 days 15:32 hours

CPU:total 4 (initial active 4) (4 cores per cpu, 1 threads per core) family 6 model 122 stepping 8 microcode 0xc, cmov, cx8, fxsr, mmx, sse, sse2, sse3, ssse3, sse4.1, sse4.2, popcnt, aes, clmul, erms, 3dnowpref, tsc, tscinvbit, sha

Memory: 4k page, system-wide physical 12108M (5764M free)
TotalPageFile size 13964M (AvailPageFile size 4389M)
current process WorkingSet (physical memory assigned to process): 205M, peak: 206M
current process commit charge ("private bytes"): 339M, peak: 340M

vm_info: OpenJDK 64-Bit Server VM (11.0.10+0-b96-7249189) for windows-amd64 JRE (11.0.10+0-b96-7249189), built on Mar 31 2021 21:44:00 by "builder" with MS VC++ 14.0 (VS2015)

END.
