#
# A fatal error has been detected by the Java Runtime Environment:
#
#  EXCEPTION_ACCESS_VIOLATION (0xc0000005) at pc=0x00000221cdb7b160, pid=10072, tid=7736
#
# JRE version: OpenJDK Runtime Environment (11.0.10) (build 11.0.10+0-b96-7249189)
# Java VM: OpenJDK 64-Bit Server VM (11.0.10+0-b96-7249189, mixed mode, tiered, compressed oops, g1 gc, windows-amd64)
# Problematic frame:
# C  0x00000221cdb7b160
#
# No core dump will be written. Minidumps are not enabled by default on client versions of Windows
#
# If you would like to submit a bug report, please visit:
#   https://bugreport.java.com/bugreport/crash.jsp
#

---------------  S U M M A R Y ------------

Command Line: --add-opens=java.base/java.util=ALL-UNNAMED --add-opens=java.base/java.lang=ALL-UNNAMED --add-opens=java.base/java.lang.invoke=ALL-UNNAMED --add-opens=java.base/java.util=ALL-UNNAMED --add-opens=java.prefs/java.util.prefs=ALL-UNNAMED --add-opens=java.prefs/java.util.prefs=ALL-UNNAMED --add-opens=java.base/java.nio.charset=ALL-UNNAMED --add-opens=java.base/java.net=ALL-UNNAMED --add-opens=java.base/java.util.concurrent.atomic=ALL-UNNAMED -Xmx2048m -Dfile.encoding=UTF-8 -Duser.country=ES -Duser.language=es -Duser.variant org.gradle.launcher.daemon.bootstrap.GradleDaemon 7.0.2

Host: Intel(R) Celeron(R) J4125 CPU @ 2.00GHz, 4 cores, 11G,  Windows 10 , 64 bit Build 19041 (10.0.19041.1202)
Time: Mon Nov 15 18:31:32 2021 Hora estándar romance elapsed time: 17.747849 seconds (0d 0h 0m 17s)

---------------  T H R E A D  ---------------

Current thread (0x00000221cbf8a000):  JavaThread "C2 CompilerThread0" daemon [_thread_in_native, id=7736, stack(0x0000009fb8e00000,0x0000009fb8f00000)]


Current CompileTask:
C2:  17747 7308       4       java.util.regex.Matcher::appendReplacement (75 bytes)

Stack: [0x0000009fb8e00000,0x0000009fb8f00000],  sp=0x0000009fb8efb598,  free space=1005k
Native frames: (J=compiled Java code, j=interpreted, Vv=VM code, C=native code)
C  0x00000221cdb7b160


siginfo: EXCEPTION_ACCESS_VIOLATION (0xc0000005), data execution prevention violation at address 0x00000221cdb7b160


Register to memory mapping:

RIP=0x00000221cdb7b160 points into unknown readable memory: 0x00007ffd09dc3ea0 | a0 3e dc 09 fd 7f 00 00
RAX=0x00000221cca74808 points into unknown readable memory: 0x00007ffd09e07a18 | 18 7a e0 09 fd 7f 00 00
RBX=0x00000221cdb7b160 points into unknown readable memory: 0x00007ffd09dc3ea0 | a0 3e dc 09 fd 7f 00 00
RCX=0x0000000000000468 is an unknown value
RDX=0x0f0010788348ff20 is an unknown value
RSP=0x0000009fb8efb598 is pointing into the stack for thread: 0x00000221cbf8a000
RBP=0x0000009fb8efb740 is pointing into the stack for thread: 0x00000221cbf8a000
RSI=0x0000000000000009 is an unknown value
RDI=0x0000009fb8efbbf0 is pointing into the stack for thread: 0x00000221cbf8a000
R8 =0x0000000000000023 is an unknown value
R9 =0x0000009fb8efbbf0 is pointing into the stack for thread: 0x00000221cbf8a000
R10=0x00000221cdf359f0 points into unknown readable memory: 0x000000003d000003 | 03 00 00 3d 00 00 00 00
R11=0x00000221cf4804b0 points into unknown readable memory: 0x0000000000000000 | 00 00 00 00 00 00 00 00
R12=0x0000009fb8efb688 is pointing into the stack for thread: 0x00000221cbf8a000
R13=0x0000009fb8efb660 is pointing into the stack for thread: 0x00000221cbf8a000
R14=0x00000221cdb7af78 points into unknown readable memory: 0x00007ffd09e399f8 | f8 99 e3 09 fd 7f 00 00
R15=0x00000221cdb7af78 points into unknown readable memory: 0x00007ffd09e399f8 | f8 99 e3 09 fd 7f 00 00


Registers:
RAX=0x00000221cca74808, RBX=0x00000221cdb7b160, RCX=0x0000000000000468, RDX=0x0f0010788348ff20
RSP=0x0000009fb8efb598, RBP=0x0000009fb8efb740, RSI=0x0000000000000009, RDI=0x0000009fb8efbbf0
R8 =0x0000000000000023, R9 =0x0000009fb8efbbf0, R10=0x00000221cdf359f0, R11=0x00000221cf4804b0
R12=0x0000009fb8efb688, R13=0x0000009fb8efb660, R14=0x00000221cdb7af78, R15=0x00000221cdb7af78
RIP=0x00000221cdb7b160, EFLAGS=0x0000000000010202

Top of Stack: (sp=0x0000009fb8efb598)
0x0000009fb8efb598:   0000000000000009 0000009fb8efb688
0x0000009fb8efb5a8:   0000022100000004 00000221d28b5fc0
0x0000009fb8efb5b8:   0000000000000001 0000009fb8efb6f0
0x0000009fb8efb5c8:   00007ffd09ae6e28 00000221cdb7b160
0x0000009fb8efb5d8:   0000009fb8efb740 0000000000000002
0x0000009fb8efb5e8:   0000009fb8efb688 0000009fb8efc5c8
0x0000009fb8efb5f8:   00007ffd09bac470 00000221cbf87950
0x0000009fb8efb608:   0000000000000001 00000221cc86d9a0
0x0000009fb8efb618:   0000009fb8efb740 0000000000000000
0x0000009fb8efb628:   0000000000000002 0000009fb8efbbf0
0x0000009fb8efb638:   00007ffd09ae6347 0000009fb8efbbf0
0x0000009fb8efb648:   0000000000000001 0000000000000001
0x0000009fb8efb658:   0000009fb8efb6f0 00000221cbf87950
0x0000009fb8efb668:   0000000000000080 00000221cdf355f0
0x0000009fb8efb678:   000000000000000a 0000009f00000001
0x0000009fb8efb688:   00007ffd09e4de48 00000221cbf87950 

Instructions: (pc=0x00000221cdb7b160)
0x00000221cdb7b060:   00 00 00 00 00 00 00 00 a0 d9 86 cc 21 02 00 00
0x00000221cdb7b070:   c8 a0 b7 cd 21 02 00 00 a0 d9 86 cc 21 02 00 00
0x00000221cdb7b080:   a0 d9 86 cc 21 02 00 00 a0 d9 86 cc 21 02 00 00
0x00000221cdb7b090:   a0 d9 86 cc 21 02 00 00 78 af b7 cd 21 02 00 00
0x00000221cdb7b0a0:   60 b1 b7 cd 21 02 00 00 60 b1 b7 cd 21 02 00 00
0x00000221cdb7b0b0:   bc 08 00 00 bd 08 00 00 f0 51 7f cc 21 02 00 00
0x00000221cdb7b0c0:   98 59 fe d1 21 02 00 00 40 a2 b7 cd 21 02 00 00
0x00000221cdb7b0d0:   38 b2 b7 cd 21 02 00 00 00 00 00 00 00 00 00 00
0x00000221cdb7b0e0:   98 59 fe d1 21 02 00 00 60 a0 b7 cd 21 02 00 00
0x00000221cdb7b0f0:   b8 c1 b7 cd 21 02 00 00 00 00 00 00 00 00 00 00
0x00000221cdb7b100:   00 00 00 00 00 00 00 00 a0 d9 86 cc 21 02 00 00
0x00000221cdb7b110:   58 5a fe d1 21 02 00 00 a0 d9 86 cc 21 02 00 00
0x00000221cdb7b120:   a0 d9 86 cc 21 02 00 00 a0 d9 86 cc 21 02 00 00
0x00000221cdb7b130:   a0 d9 86 cc 21 02 00 00 60 b1 b7 cd 21 02 00 00
0x00000221cdb7b140:   98 59 fe d1 21 02 00 00 c8 a0 b7 cd 21 02 00 00
0x00000221cdb7b150:   48 c2 b7 cd 21 02 00 00 00 00 00 00 00 00 00 00
0x00000221cdb7b160:   a0 3e dc 09 fd 7f 00 00 b8 b1 b7 cd 21 02 00 00
0x00000221cdb7b170:   70 f4 a9 cd 21 02 00 00 03 00 00 00 04 00 00 00
0x00000221cdb7b180:   06 00 00 00 40 00 00 00 75 04 00 00 0c 00 00 00
0x00000221cdb7b190:   00 00 f9 d3 21 02 00 00 88 1e 82 cc 21 02 00 00
0x00000221cdb7b1a0:   c0 c0 93 d3 21 02 00 00 ff ff ff ff ff ff ff ff
0x00000221cdb7b1b0:   01 00 00 00 00 6c ca 88 98 59 fe d1 21 02 00 00
0x00000221cdb7b1c0:   78 af b7 cd 21 02 00 00 00 c7 b7 cd 21 02 00 00
0x00000221cdb7b1d0:   00 00 00 00 00 00 00 00 98 59 fe d1 21 02 00 00
0x00000221cdb7b1e0:   f8 c9 b7 cd 21 02 00 00 f8 59 fe d1 21 02 00 00
0x00000221cdb7b1f0:   58 5a fe d1 21 02 00 00 60 b1 b7 cd 21 02 00 00
0x00000221cdb7b200:   88 c8 b7 cd 21 02 00 00 60 c9 b7 cd 21 02 00 00
0x00000221cdb7b210:   30 58 fe d1 21 02 00 00 d8 5a fe d1 21 02 00 00
0x00000221cdb7b220:   90 d5 b7 cd 21 02 00 00 40 66 a7 cc 21 02 00 00
0x00000221cdb7b230:   60 de b7 cd 21 02 00 00 e0 3d dc 09 fd 7f 00 00
0x00000221cdb7b240:   70 b2 b7 cd 21 02 00 00 88 c7 b7 cd 21 02 00 00
0x00000221cdb7b250:   03 00 00 00 03 00 00 00 08 00 00 00 10 00 00 00 


Stack slot to memory mapping:
stack at sp + 0 slots: 0x0000000000000009 is an unknown value
stack at sp + 1 slots: 0x0000009fb8efb688 is pointing into the stack for thread: 0x00000221cbf8a000
stack at sp + 2 slots: 0x0000022100000004 is an unknown value
stack at sp + 3 slots: 0x00000221d28b5fc0 points into unknown readable memory: 0x00007ffd09e07a18 | 18 7a e0 09 fd 7f 00 00
stack at sp + 4 slots: 0x0000000000000001 is an unknown value
stack at sp + 5 slots: 0x0000009fb8efb6f0 is pointing into the stack for thread: 0x00000221cbf8a000
stack at sp + 6 slots: 0x00007ffd09ae6e28 jvm.dll
stack at sp + 7 slots: 0x00000221cdb7b160 points into unknown readable memory: 0x00007ffd09dc3ea0 | a0 3e dc 09 fd 7f 00 00


---------------  P R O C E S S  ---------------

Threads class SMR info:
_java_thread_list=0x00000221d00d4d60, length=43, elements={
0x00000221b03fc000, 0x00000221cc791800, 0x00000221cc79d000, 0x00000221cbf82800,
0x00000221cbf86000, 0x00000221cbf88000, 0x00000221cbf8a000, 0x00000221cc7ea800,
0x00000221cc7ef000, 0x00000221cc950800, 0x00000221ce038000, 0x00000221cdd90800,
0x00000221cf2da000, 0x00000221cdf6d000, 0x00000221ced28800, 0x00000221cee40000,
0x00000221ceab4800, 0x00000221cf2ff800, 0x00000221cd8b8000, 0x00000221ce6e6800,
0x00000221ce6e5000, 0x00000221ce6e6000, 0x00000221ce6e7800, 0x00000221cf4ce000,
0x00000221ce6e8800, 0x00000221ce6e9000, 0x00000221ce6ea000, 0x00000221ce6e4800,
0x00000221ce6eb000, 0x00000221cfe31000, 0x00000221cfe36000, 0x00000221cfe37800,
0x00000221cfe33800, 0x00000221cfe31800, 0x00000221cfe32800, 0x00000221cfe39000,
0x00000221cfe34000, 0x00000221cfe3f000, 0x00000221cfe3b800, 0x00000221cfe3a800,
0x00000221cfe3c800, 0x00000221cfe3d000, 0x00000221cfe3a000
}

Java Threads: ( => current thread )
  0x00000221b03fc000 JavaThread "main" [_thread_blocked, id=4060, stack(0x0000009fb8200000,0x0000009fb8300000)]
  0x00000221cc791800 JavaThread "Reference Handler" daemon [_thread_blocked, id=2196, stack(0x0000009fb8900000,0x0000009fb8a00000)]
  0x00000221cc79d000 JavaThread "Finalizer" daemon [_thread_blocked, id=7228, stack(0x0000009fb8a00000,0x0000009fb8b00000)]
  0x00000221cbf82800 JavaThread "Signal Dispatcher" daemon [_thread_blocked, id=11764, stack(0x0000009fb8b00000,0x0000009fb8c00000)]
  0x00000221cbf86000 JavaThread "Attach Listener" daemon [_thread_blocked, id=1284, stack(0x0000009fb8c00000,0x0000009fb8d00000)]
  0x00000221cbf88000 JavaThread "Service Thread" daemon [_thread_blocked, id=3320, stack(0x0000009fb8d00000,0x0000009fb8e00000)]
=>0x00000221cbf8a000 JavaThread "C2 CompilerThread0" daemon [_thread_in_native, id=7736, stack(0x0000009fb8e00000,0x0000009fb8f00000)]
  0x00000221cc7ea800 JavaThread "C1 CompilerThread0" daemon [_thread_in_native, id=11588, stack(0x0000009fb8f00000,0x0000009fb9000000)]
  0x00000221cc7ef000 JavaThread "Sweeper thread" daemon [_thread_blocked, id=6976, stack(0x0000009fb9000000,0x0000009fb9100000)]
  0x00000221cc950800 JavaThread "Common-Cleaner" daemon [_thread_blocked, id=7532, stack(0x0000009fb9100000,0x0000009fb9200000)]
  0x00000221ce038000 JavaThread "Daemon health stats" [_thread_blocked, id=6880, stack(0x0000009fb9700000,0x0000009fb9800000)]
  0x00000221cdd90800 JavaThread "Incoming local TCP Connector on port 56578" [_thread_in_native, id=10248, stack(0x0000009fb9800000,0x0000009fb9900000)]
  0x00000221cf2da000 JavaThread "Daemon periodic checks" [_thread_blocked, id=10028, stack(0x0000009fb9900000,0x0000009fb9a00000)]
  0x00000221cdf6d000 JavaThread "Daemon" [_thread_blocked, id=7548, stack(0x0000009fb9a00000,0x0000009fb9b00000)]
  0x00000221ced28800 JavaThread "Handler for socket connection from /127.0.0.1:56578 to /127.0.0.1:56579" [_thread_in_native, id=2680, stack(0x0000009fb9b00000,0x0000009fb9c00000)]
  0x00000221cee40000 JavaThread "Cancel handler" [_thread_blocked, id=3316, stack(0x0000009fb9c00000,0x0000009fb9d00000)]
  0x00000221ceab4800 JavaThread "Daemon worker" [_thread_in_Java, id=12212, stack(0x0000009fb9d00000,0x0000009fb9e00000)]
  0x00000221cf2ff800 JavaThread "Asynchronous log dispatcher for DefaultDaemonConnection: socket connection from /127.0.0.1:56578 to /127.0.0.1:56579" [_thread_blocked, id=6424, stack(0x0000009fb9e00000,0x0000009fb9f00000)]
  0x00000221cd8b8000 JavaThread "Stdin handler" [_thread_blocked, id=6416, stack(0x0000009fb9f00000,0x0000009fba000000)]
  0x00000221ce6e6800 JavaThread "Daemon client event forwarder" [_thread_blocked, id=8972, stack(0x0000009fba000000,0x0000009fba100000)]
  0x00000221ce6e5000 JavaThread "Cache worker for file hash cache (C:\Users\Dario\.gradle\caches\7.0.2\fileHashes)" [_thread_blocked, id=6268, stack(0x0000009fb9300000,0x0000009fb9400000)]
  0x00000221ce6e6000 JavaThread "File lock request listener" [_thread_in_native, id=11504, stack(0x0000009fba100000,0x0000009fba200000)]
  0x00000221ce6e7800 JavaThread "Cache worker for journal cache (C:\Users\Dario\.gradle\caches\journal-1)" [_thread_blocked, id=2852, stack(0x0000009fba200000,0x0000009fba300000)]
  0x00000221cf4ce000 JavaThread "C2 CompilerThread1" daemon [_thread_in_native, id=3224, stack(0x0000009fba300000,0x0000009fba400000)]
  0x00000221ce6e8800 JavaThread "Cache worker for file hash cache (C:\Users\Dario\Documents\GitHub\PMDM\Contrasenas\.gradle\7.0.2\fileHashes)" [_thread_blocked, id=6368, stack(0x0000009fba400000,0x0000009fba500000)]
  0x00000221ce6e9000 JavaThread "File watcher server" daemon [_thread_in_native, id=10636, stack(0x0000009fba500000,0x0000009fba600000)]
  0x00000221ce6ea000 JavaThread "File watcher consumer" daemon [_thread_blocked, id=9092, stack(0x0000009fba600000,0x0000009fba700000)]
  0x00000221ce6e4800 JavaThread "Cache worker for checksums cache (C:\Users\Dario\Documents\GitHub\PMDM\Contrasenas\.gradle\checksums)" [_thread_blocked, id=8672, stack(0x0000009fba700000,0x0000009fba800000)]
  0x00000221ce6eb000 JavaThread "Cache worker for cache directory md-supplier (C:\Users\Dario\.gradle\caches\7.0.2\md-supplier)" [_thread_blocked, id=8444, stack(0x0000009fba800000,0x0000009fba900000)]
  0x00000221cfe31000 JavaThread "Cache worker for cache directory md-rule (C:\Users\Dario\.gradle\caches\7.0.2\md-rule)" [_thread_blocked, id=6364, stack(0x0000009fba900000,0x0000009fbaa00000)]
  0x00000221cfe36000 JavaThread "Cache worker for execution history cache (C:\Users\Dario\.gradle\caches\7.0.2\executionHistory)" [_thread_blocked, id=6916, stack(0x0000009fbaa00000,0x0000009fbab00000)]
  0x00000221cfe37800 JavaThread "jar transforms" [_thread_blocked, id=7104, stack(0x0000009fbab00000,0x0000009fbac00000)]
  0x00000221cfe33800 JavaThread "jar transforms Thread 2" [_thread_blocked, id=9540, stack(0x0000009fbac00000,0x0000009fbad00000)]
  0x00000221cfe31800 JavaThread "Cache worker for file content cache (C:\Users\Dario\.gradle\caches\7.0.2\fileContent)" [_thread_blocked, id=8924, stack(0x0000009fbad00000,0x0000009fbae00000)]
  0x00000221cfe32800 JavaThread "Cache worker for dependencies-accessors (C:\Users\Dario\Documents\GitHub\PMDM\Contrasenas\.gradle\7.0.2\dependencies-accessors)" [_thread_blocked, id=6600, stack(0x0000009fbae00000,0x0000009fbaf00000)]
  0x00000221cfe39000 JavaThread "jar transforms Thread 3" [_thread_blocked, id=7888, stack(0x0000009fbaf00000,0x0000009fbb000000)]
  0x00000221cfe34000 JavaThread "Cache worker for Build Output Cleanup Cache (C:\Users\Dario\Documents\GitHub\PMDM\Contrasenas\.gradle\buildOutputCleanup)" [_thread_blocked, id=8896, stack(0x0000009fbb000000,0x0000009fbb100000)]
  0x00000221cfe3f000 JavaThread "Build operations" [_thread_blocked, id=10744, stack(0x0000009fbb100000,0x0000009fbb200000)]
  0x00000221cfe3b800 JavaThread "Build operations Thread 2" [_thread_blocked, id=3960, stack(0x0000009fbb200000,0x0000009fbb300000)]
  0x00000221cfe3a800 JavaThread "Build operations Thread 3" [_thread_blocked, id=11812, stack(0x0000009fbb300000,0x0000009fbb400000)]
  0x00000221cfe3c800 JavaThread "Build operations Thread 4" [_thread_blocked, id=1120, stack(0x0000009fbb400000,0x0000009fbb500000)]
  0x00000221cfe3d000 JavaThread "jar transforms Thread 4" [_thread_blocked, id=7784, stack(0x0000009fbb500000,0x0000009fbb600000)]
  0x00000221cfe3a000 JavaThread "Memory manager" [_thread_blocked, id=6608, stack(0x0000009fbb600000,0x0000009fbb700000)]

Other Threads:
  0x00000221cbf71000 VMThread "VM Thread" [stack: 0x0000009fb8800000,0x0000009fb8900000] [id=2136]
  0x00000221cc964800 WatcherThread [stack: 0x0000009fb9200000,0x0000009fb9300000] [id=220]
  0x00000221b0415800 GCTaskThread "GC Thread#0" [stack: 0x0000009fb8300000,0x0000009fb8400000] [id=7860]
  0x00000221cd560800 GCTaskThread "GC Thread#1" [stack: 0x0000009fb9400000,0x0000009fb9500000] [id=5024]
  0x00000221cd329800 GCTaskThread "GC Thread#2" [stack: 0x0000009fb9500000,0x0000009fb9600000] [id=5768]
  0x00000221cd32a800 GCTaskThread "GC Thread#3" [stack: 0x0000009fb9600000,0x0000009fb9700000] [id=4340]
  0x00000221b0449800 ConcurrentGCThread "G1 Main Marker" [stack: 0x0000009fb8400000,0x0000009fb8500000] [id=9848]
  0x00000221b044a800 ConcurrentGCThread "G1 Conc#0" [stack: 0x0000009fb8500000,0x0000009fb8600000] [id=1116]
  0x00000221b04de000 ConcurrentGCThread "G1 Refine#0" [stack: 0x0000009fb8600000,0x0000009fb8700000] [id=4076]
  0x00000221cbdc4800 ConcurrentGCThread "G1 Young RemSet Sampling" [stack: 0x0000009fb8700000,0x0000009fb8800000] [id=1220]

Threads with active compile tasks:
C2 CompilerThread0  17808 7308       4       java.util.regex.Matcher::appendReplacement (75 bytes)
C1 CompilerThread0  17808 7363   !   3       org.gradle.internal.instantiation.generator.AbstractClassGenerator::generateUnderLock (702 bytes)
C2 CompilerThread1  17808 7326       4       org.gradle.internal.reflect.MethodSet::add (50 bytes)

VM state:not at safepoint (normal execution)

VM Mutex/Monitor currently owned by a thread: None

Heap address: 0x0000000080000000, size: 2048 MB, Compressed Oops mode: 32-bit
Narrow klass base: 0x0000000000000000, Narrow klass shift: 3
Compressed class space size: 1073741824 Address: 0x0000000100000000

Heap:
 garbage-first heap   total 233472K, used 98428K [0x0000000080000000, 0x0000000100000000)
  region size 1024K, 48 young (49152K), 7 survivors (7168K)
 Metaspace       used 75965K, capacity 77694K, committed 77900K, reserved 1116160K
  class space    used 9916K, capacity 10531K, committed 10572K, reserved 1048576K
Heap Regions: E=young(eden), S=young(survivor), O=old, HS=humongous(starts), HC=humongous(continues), CS=collection set, F=free, A=archive, TAMS=top-at-mark-start (previous, next)
|   0|0x0000000080000000, 0x0000000080100000, 0x0000000080100000|100%| O|  |TAMS 0x0000000080100000, 0x0000000080000000| Untracked 
|   1|0x0000000080100000, 0x0000000080200000, 0x0000000080200000|100%| O|  |TAMS 0x0000000080200000, 0x0000000080100000| Untracked 
|   2|0x0000000080200000, 0x0000000080300000, 0x0000000080300000|100%| O|  |TAMS 0x0000000080300000, 0x0000000080200000| Untracked 
|   3|0x0000000080300000, 0x0000000080400000, 0x0000000080400000|100%|HS|  |TAMS 0x0000000080400000, 0x0000000080300000| Complete 
|   4|0x0000000080400000, 0x0000000080500000, 0x0000000080500000|100%|HC|  |TAMS 0x0000000080500000, 0x0000000080400000| Complete 
|   5|0x0000000080500000, 0x0000000080600000, 0x0000000080600000|100%|HC|  |TAMS 0x0000000080600000, 0x0000000080500000| Complete 
|   6|0x0000000080600000, 0x0000000080700000, 0x0000000080700000|100%| O|  |TAMS 0x0000000080700000, 0x0000000080600000| Untracked 
|   7|0x0000000080700000, 0x0000000080800000, 0x0000000080800000|100%| O|  |TAMS 0x0000000080800000, 0x0000000080700000| Untracked 
|   8|0x0000000080800000, 0x0000000080900000, 0x0000000080900000|100%| O|  |TAMS 0x0000000080900000, 0x0000000080800000| Untracked 
|   9|0x0000000080900000, 0x0000000080a00000, 0x0000000080a00000|100%| O|  |TAMS 0x0000000080a00000, 0x0000000080900000| Untracked 
|  10|0x0000000080a00000, 0x0000000080b00000, 0x0000000080b00000|100%| O|  |TAMS 0x0000000080b00000, 0x0000000080a00000| Untracked 
|  11|0x0000000080b00000, 0x0000000080c00000, 0x0000000080c00000|100%| O|  |TAMS 0x0000000080c00000, 0x0000000080b00000| Untracked 
|  12|0x0000000080c00000, 0x0000000080d00000, 0x0000000080d00000|100%| O|  |TAMS 0x0000000080d00000, 0x0000000080c00000| Untracked 
|  13|0x0000000080d00000, 0x0000000080e00000, 0x0000000080e00000|100%| O|  |TAMS 0x0000000080e00000, 0x0000000080d00000| Untracked 
|  14|0x0000000080e00000, 0x0000000080f00000, 0x0000000080f00000|100%| O|  |TAMS 0x0000000080f00000, 0x0000000080e00000| Untracked 
|  15|0x0000000080f00000, 0x0000000081000000, 0x0000000081000000|100%| O|  |TAMS 0x0000000081000000, 0x0000000080f00000| Untracked 
|  16|0x0000000081000000, 0x0000000081100000, 0x0000000081100000|100%| O|  |TAMS 0x0000000081100000, 0x0000000081000000| Untracked 
|  17|0x0000000081100000, 0x0000000081200000, 0x0000000081200000|100%|HS|  |TAMS 0x0000000081200000, 0x0000000081100000| Complete 
|  18|0x0000000081200000, 0x0000000081300000, 0x0000000081300000|100%|HS|  |TAMS 0x0000000081300000, 0x0000000081200000| Complete 
|  19|0x0000000081300000, 0x0000000081400000, 0x0000000081400000|100%|HS|  |TAMS 0x0000000081400000, 0x0000000081300000| Complete 
|  20|0x0000000081400000, 0x0000000081500000, 0x0000000081500000|100%|HC|  |TAMS 0x0000000081500000, 0x0000000081400000| Complete 
|  21|0x0000000081500000, 0x0000000081600000, 0x0000000081600000|100%| O|  |TAMS 0x0000000081600000, 0x0000000081500000| Untracked 
|  22|0x0000000081600000, 0x0000000081700000, 0x0000000081700000|100%| O|  |TAMS 0x0000000081700000, 0x0000000081600000| Untracked 
|  23|0x0000000081700000, 0x0000000081800000, 0x0000000081800000|100%| O|  |TAMS 0x0000000081800000, 0x0000000081700000| Untracked 
|  24|0x0000000081800000, 0x0000000081900000, 0x0000000081900000|100%| O|  |TAMS 0x0000000081900000, 0x0000000081800000| Untracked 
|  25|0x0000000081900000, 0x0000000081a00000, 0x0000000081a00000|100%| O|  |TAMS 0x0000000081a00000, 0x0000000081900000| Untracked 
|  26|0x0000000081a00000, 0x0000000081b00000, 0x0000000081b00000|100%| O|  |TAMS 0x0000000081b00000, 0x0000000081a00000| Untracked 
|  27|0x0000000081b00000, 0x0000000081c00000, 0x0000000081c00000|100%| O|  |TAMS 0x0000000081c00000, 0x0000000081b00000| Untracked 
|  28|0x0000000081c00000, 0x0000000081d00000, 0x0000000081d00000|100%| O|  |TAMS 0x0000000081d00000, 0x0000000081c00000| Untracked 
|  29|0x0000000081d00000, 0x0000000081e00000, 0x0000000081e00000|100%| O|  |TAMS 0x0000000081e00000, 0x0000000081d00000| Untracked 
|  30|0x0000000081e00000, 0x0000000081f00000, 0x0000000081f00000|100%| O|  |TAMS 0x0000000081f00000, 0x0000000081e00000| Untracked 
|  31|0x0000000081f00000, 0x0000000082000000, 0x0000000082000000|100%| O|  |TAMS 0x0000000082000000, 0x0000000081f00000| Untracked 
|  32|0x0000000082000000, 0x0000000082100000, 0x0000000082100000|100%| O|  |TAMS 0x0000000082100000, 0x0000000082000000| Untracked 
|  33|0x0000000082100000, 0x0000000082200000, 0x0000000082200000|100%| O|  |TAMS 0x0000000082200000, 0x0000000082100000| Untracked 
|  34|0x0000000082200000, 0x0000000082300000, 0x0000000082300000|100%| O|  |TAMS 0x0000000082300000, 0x0000000082200000| Untracked 
|  35|0x0000000082300000, 0x0000000082400000, 0x0000000082400000|100%| O|  |TAMS 0x0000000082400000, 0x0000000082300000| Untracked 
|  36|0x0000000082400000, 0x0000000082500000, 0x0000000082500000|100%| O|  |TAMS 0x0000000082500000, 0x0000000082400000| Untracked 
|  37|0x0000000082500000, 0x0000000082600000, 0x0000000082600000|100%| O|  |TAMS 0x0000000082600000, 0x0000000082500000| Untracked 
|  38|0x0000000082600000, 0x0000000082700000, 0x0000000082700000|100%| O|  |TAMS 0x0000000082700000, 0x0000000082600000| Untracked 
|  39|0x0000000082700000, 0x0000000082800000, 0x0000000082800000|100%| O|  |TAMS 0x0000000082800000, 0x0000000082700000| Untracked 
|  40|0x0000000082800000, 0x0000000082900000, 0x0000000082900000|100%| O|  |TAMS 0x00000000828aaa00, 0x0000000082800000| Untracked 
|  41|0x0000000082900000, 0x0000000082a00000, 0x0000000082a00000|100%| O|  |TAMS 0x0000000082900000, 0x0000000082900000| Untracked 
|  42|0x0000000082a00000, 0x0000000082b00000, 0x0000000082b00000|100%| O|  |TAMS 0x0000000082a00000, 0x0000000082a00000| Untracked 
|  43|0x0000000082b00000, 0x0000000082c00000, 0x0000000082c00000|100%| O|  |TAMS 0x0000000082b00000, 0x0000000082b00000| Untracked 
|  44|0x0000000082c00000, 0x0000000082d00000, 0x0000000082d00000|100%| O|  |TAMS 0x0000000082c00000, 0x0000000082c00000| Untracked 
|  45|0x0000000082d00000, 0x0000000082e00000, 0x0000000082e00000|100%| O|  |TAMS 0x0000000082d00000, 0x0000000082d00000| Untracked 
|  46|0x0000000082e00000, 0x0000000082f00000, 0x0000000082f00000|100%| O|  |TAMS 0x0000000082e00000, 0x0000000082e00000| Untracked 
|  47|0x0000000082f00000, 0x0000000083000000, 0x0000000083000000|100%| O|  |TAMS 0x0000000082f00000, 0x0000000082f00000| Untracked 
|  48|0x0000000083000000, 0x0000000083100000, 0x0000000083100000|100%| O|  |TAMS 0x0000000083000000, 0x0000000083000000| Untracked 
|  49|0x0000000083100000, 0x0000000083200000, 0x0000000083200000|100%| O|  |TAMS 0x0000000083100000, 0x0000000083100000| Untracked 
|  50|0x0000000083200000, 0x000000008321f200, 0x0000000083300000| 12%| O|  |TAMS 0x0000000083200000, 0x0000000083200000| Untracked 
|  51|0x0000000083300000, 0x0000000083300000, 0x0000000083400000|  0%| F|  |TAMS 0x0000000083300000, 0x0000000083300000| Untracked 
|  52|0x0000000083400000, 0x0000000083400000, 0x0000000083500000|  0%| F|  |TAMS 0x0000000083400000, 0x0000000083400000| Untracked 
|  53|0x0000000083500000, 0x0000000083500000, 0x0000000083600000|  0%| F|  |TAMS 0x0000000083500000, 0x0000000083500000| Untracked 
|  54|0x0000000083600000, 0x0000000083600000, 0x0000000083700000|  0%| F|  |TAMS 0x0000000083600000, 0x0000000083600000| Untracked 
|  55|0x0000000083700000, 0x0000000083700000, 0x0000000083800000|  0%| F|  |TAMS 0x0000000083700000, 0x0000000083700000| Untracked 
|  56|0x0000000083800000, 0x0000000083800000, 0x0000000083900000|  0%| F|  |TAMS 0x0000000083800000, 0x0000000083800000| Untracked 
|  57|0x0000000083900000, 0x0000000083900000, 0x0000000083a00000|  0%| F|  |TAMS 0x0000000083900000, 0x0000000083900000| Untracked 
|  58|0x0000000083a00000, 0x0000000083a00000, 0x0000000083b00000|  0%| F|  |TAMS 0x0000000083a00000, 0x0000000083a00000| Untracked 
|  59|0x0000000083b00000, 0x0000000083b00000, 0x0000000083c00000|  0%| F|  |TAMS 0x0000000083b00000, 0x0000000083b00000| Untracked 
|  60|0x0000000083c00000, 0x0000000083c00000, 0x0000000083d00000|  0%| F|  |TAMS 0x0000000083c00000, 0x0000000083c00000| Untracked 
|  61|0x0000000083d00000, 0x0000000083d00000, 0x0000000083e00000|  0%| F|  |TAMS 0x0000000083d00000, 0x0000000083d00000| Untracked 
|  62|0x0000000083e00000, 0x0000000083e00000, 0x0000000083f00000|  0%| F|  |TAMS 0x0000000083e00000, 0x0000000083e00000| Untracked 
|  63|0x0000000083f00000, 0x0000000083f00000, 0x0000000084000000|  0%| F|  |TAMS 0x0000000083f00000, 0x0000000083f00000| Untracked 
|  64|0x0000000084000000, 0x0000000084000000, 0x0000000084100000|  0%| F|  |TAMS 0x0000000084000000, 0x0000000084000000| Untracked 
|  65|0x0000000084100000, 0x0000000084100000, 0x0000000084200000|  0%| F|  |TAMS 0x0000000084100000, 0x0000000084100000| Untracked 
|  66|0x0000000084200000, 0x0000000084200000, 0x0000000084300000|  0%| F|  |TAMS 0x0000000084200000, 0x0000000084200000| Untracked 
|  67|0x0000000084300000, 0x0000000084300000, 0x0000000084400000|  0%| F|  |TAMS 0x0000000084300000, 0x0000000084300000| Untracked 
|  68|0x0000000084400000, 0x0000000084400000, 0x0000000084500000|  0%| F|  |TAMS 0x0000000084400000, 0x0000000084400000| Untracked 
|  69|0x0000000084500000, 0x0000000084500000, 0x0000000084600000|  0%| F|  |TAMS 0x0000000084500000, 0x0000000084500000| Untracked 
|  70|0x0000000084600000, 0x0000000084600000, 0x0000000084700000|  0%| F|  |TAMS 0x0000000084600000, 0x0000000084600000| Untracked 
|  71|0x0000000084700000, 0x0000000084700000, 0x0000000084800000|  0%| F|  |TAMS 0x0000000084700000, 0x0000000084700000| Untracked 
|  72|0x0000000084800000, 0x0000000084800000, 0x0000000084900000|  0%| F|  |TAMS 0x0000000084800000, 0x0000000084800000| Untracked 
|  73|0x0000000084900000, 0x0000000084900000, 0x0000000084a00000|  0%| F|  |TAMS 0x0000000084900000, 0x0000000084900000| Untracked 
|  74|0x0000000084a00000, 0x0000000084a00000, 0x0000000084b00000|  0%| F|  |TAMS 0x0000000084a00000, 0x0000000084a00000| Untracked 
|  75|0x0000000084b00000, 0x0000000084b00000, 0x0000000084c00000|  0%| F|  |TAMS 0x0000000084b00000, 0x0000000084b00000| Untracked 
|  76|0x0000000084c00000, 0x0000000084c00000, 0x0000000084d00000|  0%| F|  |TAMS 0x0000000084c00000, 0x0000000084c00000| Untracked 
|  77|0x0000000084d00000, 0x0000000084d00000, 0x0000000084e00000|  0%| F|  |TAMS 0x0000000084d00000, 0x0000000084d00000| Untracked 
|  78|0x0000000084e00000, 0x0000000084e00000, 0x0000000084f00000|  0%| F|  |TAMS 0x0000000084e00000, 0x0000000084e00000| Untracked 
|  79|0x0000000084f00000, 0x0000000084f00000, 0x0000000085000000|  0%| F|  |TAMS 0x0000000084f00000, 0x0000000084f00000| Untracked 
|  80|0x0000000085000000, 0x0000000085000000, 0x0000000085100000|  0%| F|  |TAMS 0x0000000085000000, 0x0000000085000000| Untracked 
|  81|0x0000000085100000, 0x0000000085100000, 0x0000000085200000|  0%| F|  |TAMS 0x0000000085100000, 0x0000000085100000| Untracked 
|  82|0x0000000085200000, 0x0000000085200000, 0x0000000085300000|  0%| F|  |TAMS 0x0000000085200000, 0x0000000085200000| Untracked 
|  83|0x0000000085300000, 0x0000000085300000, 0x0000000085400000|  0%| F|  |TAMS 0x0000000085300000, 0x0000000085300000| Untracked 
|  84|0x0000000085400000, 0x0000000085400000, 0x0000000085500000|  0%| F|  |TAMS 0x0000000085400000, 0x0000000085400000| Untracked 
|  85|0x0000000085500000, 0x0000000085500000, 0x0000000085600000|  0%| F|  |TAMS 0x0000000085500000, 0x0000000085500000| Untracked 
|  86|0x0000000085600000, 0x0000000085600000, 0x0000000085700000|  0%| F|  |TAMS 0x0000000085600000, 0x0000000085600000| Untracked 
|  87|0x0000000085700000, 0x0000000085700000, 0x0000000085800000|  0%| F|  |TAMS 0x0000000085700000, 0x0000000085700000| Untracked 
|  88|0x0000000085800000, 0x0000000085800000, 0x0000000085900000|  0%| F|  |TAMS 0x0000000085800000, 0x0000000085800000| Untracked 
|  89|0x0000000085900000, 0x0000000085900000, 0x0000000085a00000|  0%| F|  |TAMS 0x0000000085900000, 0x0000000085900000| Untracked 
|  90|0x0000000085a00000, 0x0000000085a00000, 0x0000000085b00000|  0%| F|  |TAMS 0x0000000085a00000, 0x0000000085a00000| Untracked 
|  91|0x0000000085b00000, 0x0000000085b00000, 0x0000000085c00000|  0%| F|  |TAMS 0x0000000085b00000, 0x0000000085b00000| Untracked 
|  92|0x0000000085c00000, 0x0000000085c00000, 0x0000000085d00000|  0%| F|  |TAMS 0x0000000085c00000, 0x0000000085c00000| Untracked 
|  93|0x0000000085d00000, 0x0000000085d00000, 0x0000000085e00000|  0%| F|  |TAMS 0x0000000085d00000, 0x0000000085d00000| Untracked 
|  94|0x0000000085e00000, 0x0000000085e00000, 0x0000000085f00000|  0%| F|  |TAMS 0x0000000085e00000, 0x0000000085e00000| Untracked 
|  95|0x0000000085f00000, 0x0000000085f00000, 0x0000000086000000|  0%| F|  |TAMS 0x0000000085f00000, 0x0000000085f00000| Untracked 
|  96|0x0000000086000000, 0x0000000086000000, 0x0000000086100000|  0%| F|  |TAMS 0x0000000086000000, 0x0000000086000000| Untracked 
|  97|0x0000000086100000, 0x0000000086100000, 0x0000000086200000|  0%| F|  |TAMS 0x0000000086100000, 0x0000000086100000| Untracked 
|  98|0x0000000086200000, 0x0000000086200000, 0x0000000086300000|  0%| F|  |TAMS 0x0000000086200000, 0x0000000086200000| Untracked 
|  99|0x0000000086300000, 0x0000000086300000, 0x0000000086400000|  0%| F|  |TAMS 0x0000000086300000, 0x0000000086300000| Untracked 
| 100|0x0000000086400000, 0x0000000086400000, 0x0000000086500000|  0%| F|  |TAMS 0x0000000086400000, 0x0000000086400000| Untracked 
| 101|0x0000000086500000, 0x0000000086500000, 0x0000000086600000|  0%| F|  |TAMS 0x0000000086500000, 0x0000000086500000| Untracked 
| 102|0x0000000086600000, 0x0000000086600000, 0x0000000086700000|  0%| F|  |TAMS 0x0000000086600000, 0x0000000086600000| Untracked 
| 103|0x0000000086700000, 0x0000000086700000, 0x0000000086800000|  0%| F|  |TAMS 0x0000000086700000, 0x0000000086700000| Untracked 
| 104|0x0000000086800000, 0x0000000086800000, 0x0000000086900000|  0%| F|  |TAMS 0x0000000086800000, 0x0000000086800000| Untracked 
| 105|0x0000000086900000, 0x0000000086900000, 0x0000000086a00000|  0%| F|  |TAMS 0x0000000086900000, 0x0000000086900000| Untracked 
| 106|0x0000000086a00000, 0x0000000086a00000, 0x0000000086b00000|  0%| F|  |TAMS 0x0000000086a00000, 0x0000000086a00000| Untracked 
| 107|0x0000000086b00000, 0x0000000086b00000, 0x0000000086c00000|  0%| F|  |TAMS 0x0000000086b00000, 0x0000000086b00000| Untracked 
| 108|0x0000000086c00000, 0x0000000086c00000, 0x0000000086d00000|  0%| F|  |TAMS 0x0000000086c00000, 0x0000000086c00000| Untracked 
| 109|0x0000000086d00000, 0x0000000086d00000, 0x0000000086e00000|  0%| F|  |TAMS 0x0000000086d00000, 0x0000000086d00000| Untracked 
| 110|0x0000000086e00000, 0x0000000086e00000, 0x0000000086f00000|  0%| F|  |TAMS 0x0000000086e00000, 0x0000000086e00000| Untracked 
| 111|0x0000000086f00000, 0x0000000086f00000, 0x0000000087000000|  0%| F|  |TAMS 0x0000000086f00000, 0x0000000086f00000| Untracked 
| 112|0x0000000087000000, 0x0000000087000000, 0x0000000087100000|  0%| F|  |TAMS 0x0000000087000000, 0x0000000087000000| Untracked 
| 113|0x0000000087100000, 0x0000000087100000, 0x0000000087200000|  0%| F|  |TAMS 0x0000000087100000, 0x0000000087100000| Untracked 
| 114|0x0000000087200000, 0x0000000087200000, 0x0000000087300000|  0%| F|  |TAMS 0x0000000087200000, 0x0000000087200000| Untracked 
| 115|0x0000000087300000, 0x0000000087300000, 0x0000000087400000|  0%| F|  |TAMS 0x0000000087300000, 0x0000000087300000| Untracked 
| 116|0x0000000087400000, 0x0000000087400000, 0x0000000087500000|  0%| F|  |TAMS 0x0000000087400000, 0x0000000087400000| Untracked 
| 117|0x0000000087500000, 0x0000000087500000, 0x0000000087600000|  0%| F|  |TAMS 0x0000000087500000, 0x0000000087500000| Untracked 
| 118|0x0000000087600000, 0x0000000087600000, 0x0000000087700000|  0%| F|  |TAMS 0x0000000087600000, 0x0000000087600000| Untracked 
| 119|0x0000000087700000, 0x0000000087700000, 0x0000000087800000|  0%| F|  |TAMS 0x0000000087700000, 0x0000000087700000| Untracked 
| 120|0x0000000087800000, 0x0000000087800000, 0x0000000087900000|  0%| F|  |TAMS 0x0000000087800000, 0x0000000087800000| Untracked 
| 121|0x0000000087900000, 0x0000000087900000, 0x0000000087a00000|  0%| F|  |TAMS 0x0000000087900000, 0x0000000087900000| Untracked 
| 122|0x0000000087a00000, 0x0000000087b00000, 0x0000000087b00000|100%| S|CS|TAMS 0x0000000087a00000, 0x0000000087a00000| Complete 
| 123|0x0000000087b00000, 0x0000000087c00000, 0x0000000087c00000|100%| S|CS|TAMS 0x0000000087b00000, 0x0000000087b00000| Complete 
| 124|0x0000000087c00000, 0x0000000087d00000, 0x0000000087d00000|100%| S|CS|TAMS 0x0000000087c00000, 0x0000000087c00000| Complete 
| 125|0x0000000087d00000, 0x0000000087e00000, 0x0000000087e00000|100%| S|CS|TAMS 0x0000000087d00000, 0x0000000087d00000| Complete 
| 126|0x0000000087e00000, 0x0000000087f00000, 0x0000000087f00000|100%| S|CS|TAMS 0x0000000087e00000, 0x0000000087e00000| Complete 
| 127|0x0000000087f00000, 0x0000000088000000, 0x0000000088000000|100%| S|CS|TAMS 0x0000000087f00000, 0x0000000087f00000| Complete 
| 128|0x0000000088000000, 0x0000000088100000, 0x0000000088100000|100%| S|CS|TAMS 0x0000000088000000, 0x0000000088000000| Complete 
| 129|0x0000000088100000, 0x0000000088100000, 0x0000000088200000|  0%| F|  |TAMS 0x0000000088100000, 0x0000000088100000| Untracked 
| 130|0x0000000088200000, 0x0000000088200000, 0x0000000088300000|  0%| F|  |TAMS 0x0000000088200000, 0x0000000088200000| Untracked 
| 131|0x0000000088300000, 0x0000000088300000, 0x0000000088400000|  0%| F|  |TAMS 0x0000000088300000, 0x0000000088300000| Untracked 
| 132|0x0000000088400000, 0x0000000088400000, 0x0000000088500000|  0%| F|  |TAMS 0x0000000088400000, 0x0000000088400000| Untracked 
| 133|0x0000000088500000, 0x0000000088500000, 0x0000000088600000|  0%| F|  |TAMS 0x0000000088500000, 0x0000000088500000| Untracked 
| 134|0x0000000088600000, 0x0000000088600000, 0x0000000088700000|  0%| F|  |TAMS 0x0000000088600000, 0x0000000088600000| Untracked 
| 135|0x0000000088700000, 0x0000000088700000, 0x0000000088800000|  0%| F|  |TAMS 0x0000000088700000, 0x0000000088700000| Untracked 
| 136|0x0000000088800000, 0x0000000088800000, 0x0000000088900000|  0%| F|  |TAMS 0x0000000088800000, 0x0000000088800000| Untracked 
| 137|0x0000000088900000, 0x0000000088900000, 0x0000000088a00000|  0%| F|  |TAMS 0x0000000088900000, 0x0000000088900000| Untracked 
| 138|0x0000000088a00000, 0x0000000088a00000, 0x0000000088b00000|  0%| F|  |TAMS 0x0000000088a00000, 0x0000000088a00000| Untracked 
| 139|0x0000000088b00000, 0x0000000088b00000, 0x0000000088c00000|  0%| F|  |TAMS 0x0000000088b00000, 0x0000000088b00000| Untracked 
| 140|0x0000000088c00000, 0x0000000088c00000, 0x0000000088d00000|  0%| F|  |TAMS 0x0000000088c00000, 0x0000000088c00000| Untracked 
| 141|0x0000000088d00000, 0x0000000088d00000, 0x0000000088e00000|  0%| F|  |TAMS 0x0000000088d00000, 0x0000000088d00000| Untracked 
| 142|0x0000000088e00000, 0x0000000088e00000, 0x0000000088f00000|  0%| F|  |TAMS 0x0000000088e00000, 0x0000000088e00000| Untracked 
| 143|0x0000000088f00000, 0x0000000088f00000, 0x0000000089000000|  0%| F|  |TAMS 0x0000000088f00000, 0x0000000088f00000| Untracked 
| 144|0x0000000089000000, 0x0000000089000000, 0x0000000089100000|  0%| F|  |TAMS 0x0000000089000000, 0x0000000089000000| Untracked 
| 145|0x0000000089100000, 0x0000000089100000, 0x0000000089200000|  0%| F|  |TAMS 0x0000000089100000, 0x0000000089100000| Untracked 
| 146|0x0000000089200000, 0x0000000089200000, 0x0000000089300000|  0%| F|  |TAMS 0x0000000089200000, 0x0000000089200000| Untracked 
| 147|0x0000000089300000, 0x0000000089300000, 0x0000000089400000|  0%| F|  |TAMS 0x0000000089300000, 0x0000000089300000| Untracked 
| 148|0x0000000089400000, 0x0000000089400000, 0x0000000089500000|  0%| F|  |TAMS 0x0000000089400000, 0x0000000089400000| Untracked 
| 149|0x0000000089500000, 0x0000000089500000, 0x0000000089600000|  0%| F|  |TAMS 0x0000000089500000, 0x0000000089500000| Untracked 
| 150|0x0000000089600000, 0x0000000089600000, 0x0000000089700000|  0%| F|  |TAMS 0x0000000089600000, 0x0000000089600000| Untracked 
| 151|0x0000000089700000, 0x0000000089700000, 0x0000000089800000|  0%| F|  |TAMS 0x0000000089700000, 0x0000000089700000| Untracked 
| 152|0x0000000089800000, 0x0000000089800000, 0x0000000089900000|  0%| F|  |TAMS 0x0000000089800000, 0x0000000089800000| Untracked 
| 153|0x0000000089900000, 0x0000000089900000, 0x0000000089a00000|  0%| F|  |TAMS 0x0000000089900000, 0x0000000089900000| Untracked 
| 154|0x0000000089a00000, 0x0000000089a00000, 0x0000000089b00000|  0%| F|  |TAMS 0x0000000089a00000, 0x0000000089a00000| Untracked 
| 155|0x0000000089b00000, 0x0000000089b00000, 0x0000000089c00000|  0%| F|  |TAMS 0x0000000089b00000, 0x0000000089b00000| Untracked 
| 156|0x0000000089c00000, 0x0000000089c00000, 0x0000000089d00000|  0%| F|  |TAMS 0x0000000089c00000, 0x0000000089c00000| Untracked 
| 157|0x0000000089d00000, 0x0000000089d00000, 0x0000000089e00000|  0%| F|  |TAMS 0x0000000089d00000, 0x0000000089d00000| Untracked 
| 158|0x0000000089e00000, 0x0000000089e00000, 0x0000000089f00000|  0%| F|  |TAMS 0x0000000089e00000, 0x0000000089e00000| Untracked 
| 159|0x0000000089f00000, 0x0000000089f00000, 0x000000008a000000|  0%| F|  |TAMS 0x0000000089f00000, 0x0000000089f00000| Untracked 
| 160|0x000000008a000000, 0x000000008a000000, 0x000000008a100000|  0%| F|  |TAMS 0x000000008a000000, 0x000000008a000000| Untracked 
| 161|0x000000008a100000, 0x000000008a100000, 0x000000008a200000|  0%| F|  |TAMS 0x000000008a100000, 0x000000008a100000| Untracked 
| 162|0x000000008a200000, 0x000000008a200000, 0x000000008a300000|  0%| F|  |TAMS 0x000000008a200000, 0x000000008a200000| Untracked 
| 163|0x000000008a300000, 0x000000008a300000, 0x000000008a400000|  0%| F|  |TAMS 0x000000008a300000, 0x000000008a300000| Untracked 
| 164|0x000000008a400000, 0x000000008a400000, 0x000000008a500000|  0%| F|  |TAMS 0x000000008a400000, 0x000000008a400000| Untracked 
| 165|0x000000008a500000, 0x000000008a500000, 0x000000008a600000|  0%| F|  |TAMS 0x000000008a500000, 0x000000008a500000| Untracked 
| 166|0x000000008a600000, 0x000000008a600000, 0x000000008a700000|  0%| F|  |TAMS 0x000000008a600000, 0x000000008a600000| Untracked 
| 167|0x000000008a700000, 0x000000008a700000, 0x000000008a800000|  0%| F|  |TAMS 0x000000008a700000, 0x000000008a700000| Untracked 
| 168|0x000000008a800000, 0x000000008a800000, 0x000000008a900000|  0%| F|  |TAMS 0x000000008a800000, 0x000000008a800000| Untracked 
| 169|0x000000008a900000, 0x000000008a900000, 0x000000008aa00000|  0%| F|  |TAMS 0x000000008a900000, 0x000000008a900000| Untracked 
| 170|0x000000008aa00000, 0x000000008aa00000, 0x000000008ab00000|  0%| F|  |TAMS 0x000000008aa00000, 0x000000008aa00000| Untracked 
| 171|0x000000008ab00000, 0x000000008ab00000, 0x000000008ac00000|  0%| F|  |TAMS 0x000000008ab00000, 0x000000008ab00000| Untracked 
| 172|0x000000008ac00000, 0x000000008ac00000, 0x000000008ad00000|  0%| F|  |TAMS 0x000000008ac00000, 0x000000008ac00000| Untracked 
| 173|0x000000008ad00000, 0x000000008ad00000, 0x000000008ae00000|  0%| F|  |TAMS 0x000000008ad00000, 0x000000008ad00000| Untracked 
| 174|0x000000008ae00000, 0x000000008ae00000, 0x000000008af00000|  0%| F|  |TAMS 0x000000008ae00000, 0x000000008ae00000| Untracked 
| 175|0x000000008af00000, 0x000000008af00000, 0x000000008b000000|  0%| F|  |TAMS 0x000000008af00000, 0x000000008af00000| Untracked 
| 176|0x000000008b000000, 0x000000008b000000, 0x000000008b100000|  0%| F|  |TAMS 0x000000008b000000, 0x000000008b000000| Untracked 
| 177|0x000000008b100000, 0x000000008b100000, 0x000000008b200000|  0%| F|  |TAMS 0x000000008b100000, 0x000000008b100000| Untracked 
| 178|0x000000008b200000, 0x000000008b200000, 0x000000008b300000|  0%| F|  |TAMS 0x000000008b200000, 0x000000008b200000| Untracked 
| 179|0x000000008b300000, 0x000000008b300000, 0x000000008b400000|  0%| F|  |TAMS 0x000000008b300000, 0x000000008b300000| Untracked 
| 180|0x000000008b400000, 0x000000008b400000, 0x000000008b500000|  0%| F|  |TAMS 0x000000008b400000, 0x000000008b400000| Untracked 
| 181|0x000000008b500000, 0x000000008b500000, 0x000000008b600000|  0%| F|  |TAMS 0x000000008b500000, 0x000000008b500000| Untracked 
| 182|0x000000008b600000, 0x000000008b600000, 0x000000008b700000|  0%| F|  |TAMS 0x000000008b600000, 0x000000008b600000| Untracked 
| 183|0x000000008b700000, 0x000000008b700000, 0x000000008b800000|  0%| F|  |TAMS 0x000000008b700000, 0x000000008b700000| Untracked 
| 184|0x000000008b800000, 0x000000008b800000, 0x000000008b900000|  0%| F|  |TAMS 0x000000008b800000, 0x000000008b800000| Untracked 
| 185|0x000000008b900000, 0x000000008b900000, 0x000000008ba00000|  0%| F|  |TAMS 0x000000008b900000, 0x000000008b900000| Untracked 
| 186|0x000000008ba00000, 0x000000008ba00000, 0x000000008bb00000|  0%| F|  |TAMS 0x000000008ba00000, 0x000000008ba00000| Untracked 
| 187|0x000000008bb00000, 0x000000008bc00000, 0x000000008bc00000|100%| E|  |TAMS 0x000000008bb00000, 0x000000008bb00000| Complete 
| 188|0x000000008bc00000, 0x000000008bd00000, 0x000000008bd00000|100%| E|CS|TAMS 0x000000008bc00000, 0x000000008bc00000| Complete 
| 189|0x000000008bd00000, 0x000000008be00000, 0x000000008be00000|100%| E|CS|TAMS 0x000000008bd00000, 0x000000008bd00000| Complete 
| 190|0x000000008be00000, 0x000000008bf00000, 0x000000008bf00000|100%| E|CS|TAMS 0x000000008be00000, 0x000000008be00000| Complete 
| 191|0x000000008bf00000, 0x000000008c000000, 0x000000008c000000|100%| E|CS|TAMS 0x000000008bf00000, 0x000000008bf00000| Complete 
| 192|0x000000008c000000, 0x000000008c100000, 0x000000008c100000|100%| E|CS|TAMS 0x000000008c000000, 0x000000008c000000| Complete 
| 193|0x000000008c100000, 0x000000008c200000, 0x000000008c200000|100%| E|CS|TAMS 0x000000008c100000, 0x000000008c100000| Complete 
| 194|0x000000008c200000, 0x000000008c300000, 0x000000008c300000|100%| E|CS|TAMS 0x000000008c200000, 0x000000008c200000| Complete 
| 195|0x000000008c300000, 0x000000008c400000, 0x000000008c400000|100%| E|CS|TAMS 0x000000008c300000, 0x000000008c300000| Complete 
| 196|0x000000008c400000, 0x000000008c500000, 0x000000008c500000|100%| E|CS|TAMS 0x000000008c400000, 0x000000008c400000| Complete 
| 197|0x000000008c500000, 0x000000008c600000, 0x000000008c600000|100%| E|CS|TAMS 0x000000008c500000, 0x000000008c500000| Complete 
| 198|0x000000008c600000, 0x000000008c700000, 0x000000008c700000|100%| E|CS|TAMS 0x000000008c600000, 0x000000008c600000| Complete 
| 199|0x000000008c700000, 0x000000008c800000, 0x000000008c800000|100%| E|CS|TAMS 0x000000008c700000, 0x000000008c700000| Complete 
| 200|0x000000008c800000, 0x000000008c900000, 0x000000008c900000|100%| E|CS|TAMS 0x000000008c800000, 0x000000008c800000| Complete 
| 201|0x000000008c900000, 0x000000008ca00000, 0x000000008ca00000|100%| E|CS|TAMS 0x000000008c900000, 0x000000008c900000| Complete 
| 202|0x000000008ca00000, 0x000000008cb00000, 0x000000008cb00000|100%| E|CS|TAMS 0x000000008ca00000, 0x000000008ca00000| Complete 
| 203|0x000000008cb00000, 0x000000008cc00000, 0x000000008cc00000|100%| E|CS|TAMS 0x000000008cb00000, 0x000000008cb00000| Complete 
| 204|0x000000008cc00000, 0x000000008cd00000, 0x000000008cd00000|100%| E|CS|TAMS 0x000000008cc00000, 0x000000008cc00000| Complete 
| 205|0x000000008cd00000, 0x000000008ce00000, 0x000000008ce00000|100%| E|CS|TAMS 0x000000008cd00000, 0x000000008cd00000| Complete 
| 206|0x000000008ce00000, 0x000000008cf00000, 0x000000008cf00000|100%| E|CS|TAMS 0x000000008ce00000, 0x000000008ce00000| Complete 
| 207|0x000000008cf00000, 0x000000008d000000, 0x000000008d000000|100%| E|CS|TAMS 0x000000008cf00000, 0x000000008cf00000| Complete 
| 208|0x000000008d000000, 0x000000008d100000, 0x000000008d100000|100%| E|CS|TAMS 0x000000008d000000, 0x000000008d000000| Complete 
| 209|0x000000008d100000, 0x000000008d200000, 0x000000008d200000|100%| E|CS|TAMS 0x000000008d100000, 0x000000008d100000| Complete 
| 210|0x000000008d200000, 0x000000008d300000, 0x000000008d300000|100%| E|CS|TAMS 0x000000008d200000, 0x000000008d200000| Complete 
| 211|0x000000008d300000, 0x000000008d400000, 0x000000008d400000|100%| E|CS|TAMS 0x000000008d300000, 0x000000008d300000| Complete 
| 212|0x000000008d400000, 0x000000008d500000, 0x000000008d500000|100%| E|CS|TAMS 0x000000008d400000, 0x000000008d400000| Complete 
| 213|0x000000008d500000, 0x000000008d600000, 0x000000008d600000|100%| E|CS|TAMS 0x000000008d500000, 0x000000008d500000| Complete 
| 214|0x000000008d600000, 0x000000008d700000, 0x000000008d700000|100%| E|CS|TAMS 0x000000008d600000, 0x000000008d600000| Complete 
| 215|0x000000008d700000, 0x000000008d800000, 0x000000008d800000|100%| E|CS|TAMS 0x000000008d700000, 0x000000008d700000| Complete 
| 216|0x000000008d800000, 0x000000008d900000, 0x000000008d900000|100%| E|CS|TAMS 0x000000008d800000, 0x000000008d800000| Complete 
| 217|0x000000008d900000, 0x000000008da00000, 0x000000008da00000|100%| E|CS|TAMS 0x000000008d900000, 0x000000008d900000| Complete 
| 218|0x000000008da00000, 0x000000008db00000, 0x000000008db00000|100%| E|CS|TAMS 0x000000008da00000, 0x000000008da00000| Complete 
| 219|0x000000008db00000, 0x000000008dc00000, 0x000000008dc00000|100%| E|CS|TAMS 0x000000008db00000, 0x000000008db00000| Complete 
| 220|0x000000008dc00000, 0x000000008dd00000, 0x000000008dd00000|100%| E|CS|TAMS 0x000000008dc00000, 0x000000008dc00000| Complete 
| 221|0x000000008dd00000, 0x000000008de00000, 0x000000008de00000|100%| E|CS|TAMS 0x000000008dd00000, 0x000000008dd00000| Complete 
| 222|0x000000008de00000, 0x000000008df00000, 0x000000008df00000|100%| E|CS|TAMS 0x000000008de00000, 0x000000008de00000| Complete 
| 223|0x000000008df00000, 0x000000008e000000, 0x000000008e000000|100%| E|CS|TAMS 0x000000008df00000, 0x000000008df00000| Complete 
| 224|0x000000008e000000, 0x000000008e100000, 0x000000008e100000|100%| E|CS|TAMS 0x000000008e000000, 0x000000008e000000| Complete 
| 225|0x000000008e100000, 0x000000008e200000, 0x000000008e200000|100%| E|CS|TAMS 0x000000008e100000, 0x000000008e100000| Complete 
| 226|0x000000008e200000, 0x000000008e300000, 0x000000008e300000|100%| E|CS|TAMS 0x000000008e200000, 0x000000008e200000| Complete 
| 227|0x000000008e300000, 0x000000008e400000, 0x000000008e400000|100%| E|CS|TAMS 0x000000008e300000, 0x000000008e300000| Complete 

Card table byte_map: [0x00000221c50f0000,0x00000221c54f0000] _byte_map_base: 0x00000221c4cf0000

Marking Bits (Prev, Next): (CMBitMap*) 0x00000221b0440c28, (CMBitMap*) 0x00000221b0440c60
 Prev Bits: [0x00000221c58f0000, 0x00000221c78f0000)
 Next Bits: [0x00000221c78f0000, 0x00000221c98f0000)

Polling page: 0x00000221b0290000

Metaspace:

Usage:
  Non-class:     65.66 MB capacity,    64.56 MB ( 98%) used,   936.18 KB (  1%) free+waste,   189.13 KB ( <1%) overhead. 
      Class:     10.32 MB capacity,     9.69 MB ( 94%) used,   554.59 KB (  5%) free+waste,    88.19 KB ( <1%) overhead. 
       Both:     75.97 MB capacity,    74.25 MB ( 98%) used,     1.46 MB (  2%) free+waste,   277.31 KB ( <1%) overhead. 

Virtual space:
  Non-class space:       66.00 MB reserved,      65.75 MB (>99%) committed 
      Class space:        1.00 GB reserved,      10.45 MB (  1%) committed 
             Both:        1.06 GB reserved,      76.20 MB (  7%) committed 

Chunk freelists:
   Non-Class:  32.00 KB
       Class:  28.00 KB
        Both:  60.00 KB

MaxMetaspaceSize: 17179869184.00 GB
CompressedClassSpaceSize: 1.00 GB

CodeHeap 'non-profiled nmethods': size=120064Kb used=4267Kb max_used=4267Kb free=115796Kb
 bounds [0x00000221bd180000, 0x00000221bd5b0000, 0x00000221c46c0000]
CodeHeap 'profiled nmethods': size=120000Kb used=15730Kb max_used=15730Kb free=104270Kb
 bounds [0x00000221b5c50000, 0x00000221b6bb0000, 0x00000221bd180000]
CodeHeap 'non-nmethods': size=5696Kb used=2259Kb max_used=2305Kb free=3436Kb
 bounds [0x00000221b56c0000, 0x00000221b5930000, 0x00000221b5c50000]
 total_blobs=8164 nmethods=7298 adapters=778
 compilation: enabled
              stopped_count=0, restarted_count=0
 full_count=0

Compilation events (20 events):
Event: 17.714 Thread 0x00000221cc7ea800 nmethod 7316 0x00000221b6b7da10 code [0x00000221b6b7dc00, 0x00000221b6b7e158]
Event: 17.715 Thread 0x00000221cbf8a000 nmethod 7306 0x00000221bd5a6390 code [0x00000221bd5a6560, 0x00000221bd5a6bb8]
Event: 17.715 Thread 0x00000221cbf8a000 7310       4       java.util.regex.Matcher::find (69 bytes)
Event: 17.721 Thread 0x00000221cf4ce000 nmethod 7309 0x00000221bd5a6e90 code [0x00000221bd5a7080, 0x00000221bd5a7750]
Event: 17.721 Thread 0x00000221cf4ce000 7305       4       java.lang.AbstractStringBuilder::append (54 bytes)
Event: 17.721 Thread 0x00000221cc7ea800 7318       3       java.lang.CharacterDataLatin1::digit (32 bytes)
Event: 17.721 Thread 0x00000221cc7ea800 nmethod 7318 0x00000221b6b7e310 code [0x00000221b6b7e4c0, 0x00000221b6b7e6f8]
Event: 17.726 Thread 0x00000221cbf8a000 nmethod 7310 0x00000221bd5a7c10 code [0x00000221bd5a7de0, 0x00000221bd5a8198]
Event: 17.726 Thread 0x00000221cbf8a000 7307       4       java.lang.AbstractStringBuilder::getBytes (44 bytes)
Event: 17.726 Thread 0x00000221cc7ea800 7319       3       java.lang.Integer::parseInt (259 bytes)
Event: 17.729 Thread 0x00000221cbf8a000 nmethod 7307 0x00000221bd5a8490 code [0x00000221bd5a8620, 0x00000221bd5a8838]
Event: 17.729 Thread 0x00000221cbf8a000 7308       4       java.util.regex.Matcher::appendReplacement (75 bytes)
Event: 17.731 Thread 0x00000221cc7ea800 nmethod 7319 0x00000221b6b7e810 code [0x00000221b6b7ef40, 0x00000221b6b825e8]
Event: 17.733 Thread 0x00000221cf4ce000 nmethod 7305 0x00000221bd5a8990 code [0x00000221bd5a8b80, 0x00000221bd5a9248]
Event: 17.733 Thread 0x00000221cf4ce000 7317       4       java.lang.Enum::compareTo (44 bytes)
Event: 17.734 Thread 0x00000221cf4ce000 nmethod 7317 0x00000221bd5a9610 code [0x00000221bd5a97a0, 0x00000221bd5a9858]
Event: 17.734 Thread 0x00000221cf4ce000 7320       4       jdk.internal.reflect.DelegatingConstructorAccessorImpl::newInstance (9 bytes)
Event: 17.734 Thread 0x00000221cc7ea800 7321       3       java.lang.invoke.DelegatingMethodHandle::rebind (8 bytes)
Event: 17.735 Thread 0x00000221cc7ea800 nmethod 7321 0x00000221b6b83a10 code [0x00000221b6b83be0, 0x00000221b6b83e58]
Event: 17.735 Thread 0x00000221cf4ce000 nmethod 7320 0x00000221bd5a9910 code [0x00000221bd5a9aa0, 0x00000221bd5a9b38]

GC Heap History (20 events):
Event: 1.170 GC heap before
{Heap before GC invocations=1 (full 0):
 garbage-first heap   total 194560K, used 19565K [0x0000000080000000, 0x0000000100000000)
  region size 1024K, 13 young (13312K), 2 survivors (2048K)
 Metaspace       used 10190K, capacity 10421K, committed 10624K, reserved 1058816K
  class space    used 1064K, capacity 1139K, committed 1152K, reserved 1048576K
}
Event: 1.174 GC heap after
{Heap after GC invocations=2 (full 0):
 garbage-first heap   total 194560K, used 9376K [0x0000000080000000, 0x0000000100000000)
  region size 1024K, 2 young (2048K), 2 survivors (2048K)
 Metaspace       used 10190K, capacity 10421K, committed 10624K, reserved 1058816K
  class space    used 1064K, capacity 1139K, committed 1152K, reserved 1048576K
}
Event: 1.750 GC heap before
{Heap before GC invocations=2 (full 0):
 garbage-first heap   total 194560K, used 41120K [0x0000000080000000, 0x0000000100000000)
  region size 1024K, 33 young (33792K), 2 survivors (2048K)
 Metaspace       used 11170K, capacity 11438K, committed 11520K, reserved 1058816K
  class space    used 1166K, capacity 1243K, committed 1280K, reserved 1048576K
}
Event: 1.753 GC heap after
{Heap after GC invocations=3 (full 0):
 garbage-first heap   total 194560K, used 11746K [0x0000000080000000, 0x0000000100000000)
  region size 1024K, 4 young (4096K), 4 survivors (4096K)
 Metaspace       used 11170K, capacity 11438K, committed 11520K, reserved 1058816K
  class space    used 1166K, capacity 1243K, committed 1280K, reserved 1048576K
}
Event: 3.797 GC heap before
{Heap before GC invocations=3 (full 0):
 garbage-first heap   total 194560K, used 74210K [0x0000000080000000, 0x0000000100000000)
  region size 1024K, 66 young (67584K), 4 survivors (4096K)
 Metaspace       used 20540K, capacity 21088K, committed 21248K, reserved 1067008K
  class space    used 2508K, capacity 2690K, committed 2816K, reserved 1048576K
}
Event: 3.809 GC heap after
{Heap after GC invocations=4 (full 0):
 garbage-first heap   total 194560K, used 17086K [0x0000000080000000, 0x0000000100000000)
  region size 1024K, 9 young (9216K), 9 survivors (9216K)
 Metaspace       used 20540K, capacity 21088K, committed 21248K, reserved 1067008K
  class space    used 2508K, capacity 2690K, committed 2816K, reserved 1048576K
}
Event: 5.276 GC heap before
{Heap before GC invocations=5 (full 0):
 garbage-first heap   total 194560K, used 91838K [0x0000000080000000, 0x0000000100000000)
  region size 1024K, 82 young (83968K), 9 survivors (9216K)
 Metaspace       used 27647K, capacity 28364K, committed 28544K, reserved 1073152K
  class space    used 3668K, capacity 3929K, committed 3968K, reserved 1048576K
}
Event: 5.287 GC heap after
{Heap after GC invocations=6 (full 0):
 garbage-first heap   total 194560K, used 19551K [0x0000000080000000, 0x0000000100000000)
  region size 1024K, 8 young (8192K), 8 survivors (8192K)
 Metaspace       used 27647K, capacity 28364K, committed 28544K, reserved 1073152K
  class space    used 3668K, capacity 3929K, committed 3968K, reserved 1048576K
}
Event: 6.298 GC heap before
{Heap before GC invocations=6 (full 0):
 garbage-first heap   total 194560K, used 57439K [0x0000000080000000, 0x0000000100000000)
  region size 1024K, 46 young (47104K), 8 survivors (8192K)
 Metaspace       used 35048K, capacity 35822K, committed 35840K, reserved 1081344K
  class space    used 4547K, capacity 4864K, committed 4864K, reserved 1048576K
}
Event: 6.310 GC heap after
{Heap after GC invocations=7 (full 0):
 garbage-first heap   total 194560K, used 22722K [0x0000000080000000, 0x0000000100000000)
  region size 1024K, 6 young (6144K), 6 survivors (6144K)
 Metaspace       used 35048K, capacity 35822K, committed 35840K, reserved 1081344K
  class space    used 4547K, capacity 4864K, committed 4864K, reserved 1048576K
}
Event: 8.086 GC heap before
{Heap before GC invocations=8 (full 0):
 garbage-first heap   total 194560K, used 117954K [0x0000000080000000, 0x0000000100000000)
  region size 1024K, 96 young (98304K), 6 survivors (6144K)
 Metaspace       used 42736K, capacity 43743K, committed 43980K, reserved 1087488K
  class space    used 5438K, capacity 5786K, committed 5836K, reserved 1048576K
}
Event: 8.104 GC heap after
{Heap after GC invocations=9 (full 0):
 garbage-first heap   total 194560K, used 28433K [0x0000000080000000, 0x0000000100000000)
  region size 1024K, 12 young (12288K), 12 survivors (12288K)
 Metaspace       used 42736K, capacity 43743K, committed 43980K, reserved 1087488K
  class space    used 5438K, capacity 5786K, committed 5836K, reserved 1048576K
}
Event: 11.276 GC heap before
{Heap before GC invocations=9 (full 0):
 garbage-first heap   total 194560K, used 133905K [0x0000000080000000, 0x0000000100000000)
  region size 1024K, 112 young (114688K), 12 survivors (12288K)
 Metaspace       used 49568K, capacity 50868K, committed 51148K, reserved 1093632K
  class space    used 6317K, capacity 6800K, committed 6860K, reserved 1048576K
}
Event: 11.302 GC heap after
{Heap after GC invocations=10 (full 0):
 garbage-first heap   total 194560K, used 41155K [0x0000000080000000, 0x0000000100000000)
  region size 1024K, 14 young (14336K), 14 survivors (14336K)
 Metaspace       used 49568K, capacity 50868K, committed 51148K, reserved 1093632K
  class space    used 6317K, capacity 6800K, committed 6860K, reserved 1048576K
}
Event: 12.807 GC heap before
{Heap before GC invocations=10 (full 0):
 garbage-first heap   total 194560K, used 99523K [0x0000000080000000, 0x0000000100000000)
  region size 1024K, 72 young (73728K), 14 survivors (14336K)
 Metaspace       used 58439K, capacity 59963K, committed 60236K, reserved 1101824K
  class space    used 7414K, capacity 7974K, committed 8012K, reserved 1048576K
}
Event: 12.837 GC heap after
{Heap after GC invocations=11 (full 0):
 garbage-first heap   total 194560K, used 45738K [0x0000000080000000, 0x0000000100000000)
  region size 1024K, 4 young (4096K), 4 survivors (4096K)
 Metaspace       used 58439K, capacity 59963K, committed 60236K, reserved 1101824K
  class space    used 7414K, capacity 7974K, committed 8012K, reserved 1048576K
}
Event: 14.430 GC heap before
{Heap before GC invocations=12 (full 0):
 garbage-first heap   total 194560K, used 128682K [0x0000000080000000, 0x0000000100000000)
  region size 1024K, 85 young (87040K), 4 survivors (4096K)
 Metaspace       used 63578K, capacity 65166K, committed 65356K, reserved 1105920K
  class space    used 8095K, capacity 8689K, committed 8780K, reserved 1048576K
}
Event: 14.451 GC heap after
{Heap after GC invocations=13 (full 0):
 garbage-first heap   total 233472K, used 51866K [0x0000000080000000, 0x0000000100000000)
  region size 1024K, 10 young (10240K), 10 survivors (10240K)
 Metaspace       used 63578K, capacity 65166K, committed 65356K, reserved 1105920K
  class space    used 8095K, capacity 8689K, committed 8780K, reserved 1048576K
}
Event: 16.701 GC heap before
{Heap before GC invocations=14 (full 0):
 garbage-first heap   total 233472K, used 153242K [0x0000000080000000, 0x0000000100000000)
  region size 1024K, 109 young (111616K), 10 survivors (10240K)
 Metaspace       used 70859K, capacity 72557K, committed 72908K, reserved 1112064K
  class space    used 9226K, capacity 9831K, committed 9932K, reserved 1048576K
}
Event: 16.727 GC heap after
{Heap after GC invocations=15 (full 0):
 garbage-first heap   total 233472K, used 58492K [0x0000000080000000, 0x0000000100000000)
  region size 1024K, 7 young (7168K), 7 survivors (7168K)
 Metaspace       used 70859K, capacity 72557K, committed 72908K, reserved 1112064K
  class space    used 9226K, capacity 9831K, committed 9932K, reserved 1048576K
}

Deoptimization events (20 events):
Event: 17.673 Thread 0x00000221ceab4800 DEOPT PACKING pc=0x00000221b682ebc7 sp=0x0000009fb9df9bd0
Event: 17.673 Thread 0x00000221ceab4800 DEOPT UNPACKING pc=0x00000221b56e6abf sp=0x0000009fb9df9090 mode 0
Event: 17.673 Thread 0x00000221ceab4800 DEOPT PACKING pc=0x00000221b682ebc7 sp=0x0000009fb9df9bd0
Event: 17.673 Thread 0x00000221ceab4800 DEOPT UNPACKING pc=0x00000221b56e6abf sp=0x0000009fb9df9090 mode 0
Event: 17.674 Thread 0x00000221ceab4800 DEOPT PACKING pc=0x00000221b682ebc7 sp=0x0000009fb9df9bd0
Event: 17.674 Thread 0x00000221ceab4800 DEOPT UNPACKING pc=0x00000221b56e6abf sp=0x0000009fb9df9090 mode 0
Event: 17.674 Thread 0x00000221ceab4800 DEOPT PACKING pc=0x00000221b682ebc7 sp=0x0000009fb9df9bd0
Event: 17.674 Thread 0x00000221ceab4800 DEOPT UNPACKING pc=0x00000221b56e6abf sp=0x0000009fb9df9090 mode 0
Event: 17.674 Thread 0x00000221ceab4800 DEOPT PACKING pc=0x00000221b682ebc7 sp=0x0000009fb9df9bd0
Event: 17.674 Thread 0x00000221ceab4800 DEOPT UNPACKING pc=0x00000221b56e6abf sp=0x0000009fb9df9090 mode 0
Event: 17.674 Thread 0x00000221ceab4800 DEOPT PACKING pc=0x00000221b682ebc7 sp=0x0000009fb9df9bd0
Event: 17.674 Thread 0x00000221ceab4800 DEOPT UNPACKING pc=0x00000221b56e6abf sp=0x0000009fb9df9090 mode 0
Event: 17.679 Thread 0x00000221ceab4800 Uncommon trap: trap_request=0xffffff4d fr.pc=0x00000221bd59f754 relative=0x0000000000000274
Event: 17.679 Thread 0x00000221ceab4800 Uncommon trap: reason=unstable_if action=reinterpret pc=0x00000221bd59f754 method=java.lang.CharacterDataLatin1.digit(II)I @ 12 c2
Event: 17.679 Thread 0x00000221ceab4800 DEOPT PACKING pc=0x00000221bd59f754 sp=0x0000009fb9dfa020
Event: 17.679 Thread 0x00000221ceab4800 DEOPT UNPACKING pc=0x00000221b56e6ca9 sp=0x0000009fb9df9e40 mode 2
Event: 17.706 Thread 0x00000221ceab4800 Uncommon trap: trap_request=0xffffff4d fr.pc=0x00000221bd49bdc4 relative=0x00000000000000a4
Event: 17.706 Thread 0x00000221ceab4800 Uncommon trap: reason=unstable_if action=reinterpret pc=0x00000221bd49bdc4 method=java.lang.CharacterDataLatin1.digit(II)I @ 12 c2
Event: 17.706 Thread 0x00000221ceab4800 DEOPT PACKING pc=0x00000221bd49bdc4 sp=0x0000009fb9df9ed0
Event: 17.706 Thread 0x00000221ceab4800 DEOPT UNPACKING pc=0x00000221b56e6ca9 sp=0x0000009fb9df9e48 mode 2

Classes redefined (0 events):
No events

Internal exceptions (20 events):
Event: 16.008 Thread 0x00000221ceab4800 Exception <a 'java/lang/ClassNotFoundException'{0x0000000089ed3f00}: org/gradle/api/internal/artifacts/configurations/DefaultConfigurationBeanInfo> (0x0000000089ed3f00) thrown at [./src/hotspot/share/classfile/systemDictionary.cpp, line 231]
Event: 16.009 Thread 0x00000221ceab4800 Exception <a 'java/lang/ClassNotFoundException'{0x0000000089eed4e0}: org/gradle/api/internal/file/AbstractFileCollectionBeanInfo> (0x0000000089eed4e0) thrown at [./src/hotspot/share/classfile/systemDictionary.cpp, line 231]
Event: 16.009 Thread 0x00000221ceab4800 Exception <a 'java/lang/ClassNotFoundException'{0x0000000089d07020}: org/gradle/api/internal/file/AbstractFileCollectionCustomizer> (0x0000000089d07020) thrown at [./src/hotspot/share/classfile/systemDictionary.cpp, line 231]
Event: 16.011 Thread 0x00000221ceab4800 Exception <a 'java/lang/ClassNotFoundException'{0x0000000089d429b0}: org/gradle/api/internal/artifacts/configurations/DefaultConfigurationCustomizer> (0x0000000089d429b0) thrown at [./src/hotspot/share/classfile/systemDictionary.cpp, line 231]
Event: 16.017 Thread 0x00000221ceab4800 Exception <a 'java/lang/ClassNotFoundException'{0x0000000089dbda68}: org/gradle/api/internal/artifacts/configurations/DefaultConfiguration_DecoratedCustomizer> (0x0000000089dbda68) thrown at [./src/hotspot/share/classfile/systemDictionary.cpp, line 231]
Event: 16.035 Thread 0x00000221ceab4800 Exception <a 'java/lang/ClassNotFoundException'{0x0000000089a46208}: org/codehaus/groovy/runtime/MethodClosureBeanInfo> (0x0000000089a46208) thrown at [./src/hotspot/share/classfile/systemDictionary.cpp, line 231]
Event: 16.040 Thread 0x00000221ceab4800 Exception <a 'java/lang/ClassNotFoundException'{0x000000008981eab8}: org/codehaus/groovy/runtime/MethodClosureCustomizer> (0x000000008981eab8) thrown at [./src/hotspot/share/classfile/systemDictionary.cpp, line 231]
Event: 16.044 Thread 0x00000221ceab4800 Exception <a 'java/lang/ClassNotFoundException'{0x0000000089887798}: org/gradle/api/internal/artifacts/configurations/DefaultConfiguration$ConfigurationResolvableDependencies_DecoratedBeanInfo> (0x0000000089887798) thrown at [./src/hotspot/share/classfile/systemDictionary.cpp, line 231]
Event: 16.045 Thread 0x00000221ceab4800 Exception <a 'java/lang/ClassNotFoundException'{0x00000000898b93b8}: org/gradle/api/internal/artifacts/configurations/DefaultConfiguration$ConfigurationResolvableDependenciesBeanInfo> (0x00000000898b93b8) thrown at [./src/hotspot/share/classfile/systemDictionary.cpp, line 231]
Event: 16.046 Thread 0x00000221ceab4800 Exception <a 'java/lang/ClassNotFoundException'{0x00000000898ec930}: org/gradle/api/internal/artifacts/configurations/DefaultConfiguration$ConfigurationResolvableDependenciesCustomizer> (0x00000000898ec930) thrown at [./src/hotspot/share/classfile/systemDictionary.cpp, line 231]
Event: 16.048 Thread 0x00000221ceab4800 Exception <a 'java/lang/ClassNotFoundException'{0x0000000089731968}: org/gradle/api/internal/artifacts/configurations/DefaultConfiguration$ConfigurationResolvableDependencies_DecoratedCustomizer> (0x0000000089731968) thrown at [./src/hotspot/share/classfile/systemDictionary.cpp, line 231]
Event: 16.748 Thread 0x00000221ceab4800 Exception <a 'java/lang/NoSuchMethodError'{0x000000008e3e3be0}: 'java.lang.Object java.lang.invoke.Invokers$Holder.linkToTargetMethod(java.lang.Object, int, java.lang.Object)'> (0x000000008e3e3be0) thrown at [./src/hotspot/share/interpreter/linkResolver.cpp, line 773]
Event: 17.024 Thread 0x00000221ceab4800 Exception <a 'sun/nio/fs/WindowsException'{0x000000008d854cb0}> (0x000000008d854cb0) thrown at [./src/hotspot/share/prims/jni.cpp, line 615]
Event: 17.024 Thread 0x00000221ceab4800 Exception <a 'sun/nio/fs/WindowsException'{0x000000008d855278}> (0x000000008d855278) thrown at [./src/hotspot/share/prims/jni.cpp, line 615]
Event: 17.214 Thread 0x00000221ceab4800 Exception <a 'java/lang/NullPointerException'{0x000000008d0f86f0}> (0x000000008d0f86f0) thrown at [./src/hotspot/share/interpreter/linkResolver.cpp, line 1440]
Event: 17.612 Thread 0x00000221ceab4800 Exception <a 'java/lang/NoSuchMethodError'{0x000000008c19dd68}: 'int java.lang.invoke.DirectMethodHandle$Holder.invokeStatic(java.lang.Object, java.lang.Object, int, java.lang.Object)'> (0x000000008c19dd68) thrown at [./src/hotspot/share/interpreter/linkResolver.cpp, line 773]
Event: 17.691 Thread 0x00000221ceab4800 Exception <a 'sun/nio/fs/WindowsException'{0x000000008c0c41f0}> (0x000000008c0c41f0) thrown at [./src/hotspot/share/prims/jni.cpp, line 615]
Event: 17.691 Thread 0x00000221ceab4800 Exception <a 'sun/nio/fs/WindowsException'{0x000000008c0c52d8}> (0x000000008c0c52d8) thrown at [./src/hotspot/share/prims/jni.cpp, line 615]
Event: 17.691 Thread 0x00000221ceab4800 Exception <a 'sun/nio/fs/WindowsException'{0x000000008c0c63f8}> (0x000000008c0c63f8) thrown at [./src/hotspot/share/prims/jni.cpp, line 615]
Event: 17.691 Thread 0x00000221ceab4800 Exception <a 'sun/nio/fs/WindowsException'{0x000000008c0c7518}> (0x000000008c0c7518) thrown at [./src/hotspot/share/prims/jni.cpp, line 615]

Events (20 events):
Event: 17.734 loading class com/google/common/collect/ImmutableSet$Builder
Event: 17.734 loading class com/google/common/collect/ImmutableSet$Builder done
Event: 17.734 loading class com/google/common/collect/ImmutableSet$Builder
Event: 17.734 loading class com/google/common/collect/ImmutableSet$Builder done
Event: 17.734 loading class com/google/common/collect/ImmutableSet$Builder
Event: 17.734 loading class com/google/common/collect/ImmutableSet$Builder done
Event: 17.734 loading class com/google/common/collect/ImmutableSet
Event: 17.734 loading class com/google/common/collect/ImmutableSet done
Event: 17.734 loading class com/google/common/collect/ImmutableSet$Builder
Event: 17.734 loading class com/google/common/collect/ImmutableSet$Builder done
Event: 17.734 loading class com/google/common/collect/ImmutableRangeSet
Event: 17.734 loading class com/google/common/collect/ImmutableRangeSet done
Event: 17.737 loading class com/google/common/collect/AbstractRangeSet
Event: 17.737 loading class com/google/common/collect/AbstractRangeSet done
Event: 17.737 loading class com/google/common/collect/RangeSet
Event: 17.737 loading class com/google/common/collect/RangeSet done
Event: 17.738 loading class com/google/common/collect/ImmutableRangeSet$ComplementRanges
Event: 17.738 loading class com/google/common/collect/ImmutableRangeSet$ComplementRanges done
Event: 17.739 loading class com/google/common/collect/ImmutableSortedSet
Event: 17.739 loading class com/google/common/collect/ImmutableSortedSet done


Dynamic libraries:
0x00007ff61e740000 - 0x00007ff61e74a000 	C:\Program Files\Android\Android Studio3\jre\bin\java.exe
0x00007ffd4d310000 - 0x00007ffd4d505000 	C:\WINDOWS\SYSTEM32\ntdll.dll
0x00007ffd4cf80000 - 0x00007ffd4d03e000 	C:\WINDOWS\System32\KERNEL32.DLL
0x00007ffd4abe0000 - 0x00007ffd4aea9000 	C:\WINDOWS\System32\KERNELBASE.dll
0x00007ffd4b1d0000 - 0x00007ffd4b2d0000 	C:\WINDOWS\System32\ucrtbase.dll
0x00007ffd3b070000 - 0x00007ffd3b089000 	C:\Program Files\Android\Android Studio3\jre\bin\jli.dll
0x00007ffd3aa80000 - 0x00007ffd3aa97000 	C:\Program Files\Android\Android Studio3\jre\bin\VCRUNTIME140.dll
0x00007ffd4bf00000 - 0x00007ffd4c0a1000 	C:\WINDOWS\System32\USER32.dll
0x00007ffd39fb0000 - 0x00007ffd3a24a000 	C:\WINDOWS\WinSxS\amd64_microsoft.windows.common-controls_6595b64144ccf1df_6.0.19041.1110_none_60b5254171f9507e\COMCTL32.dll
0x00007ffd4b090000 - 0x00007ffd4b0b2000 	C:\WINDOWS\System32\win32u.dll
0x00007ffd4d0f0000 - 0x00007ffd4d11b000 	C:\WINDOWS\System32\GDI32.dll
0x00007ffd4cc60000 - 0x00007ffd4ccfe000 	C:\WINDOWS\System32\msvcrt.dll
0x00007ffd4b0c0000 - 0x00007ffd4b1cb000 	C:\WINDOWS\System32\gdi32full.dll
0x00007ffd4aeb0000 - 0x00007ffd4af4d000 	C:\WINDOWS\System32\msvcp_win.dll
0x00007ffd4ca20000 - 0x00007ffd4ca50000 	C:\WINDOWS\System32\IMM32.DLL
0x00007ffd37040000 - 0x00007ffd370dd000 	C:\Program Files\Android\Android Studio3\jre\bin\msvcp140.dll
0x00007ffd095e0000 - 0x00007ffd0a0af000 	C:\Program Files\Android\Android Studio3\jre\bin\server\jvm.dll
0x00007ffd4c0c0000 - 0x00007ffd4c16c000 	C:\WINDOWS\System32\ADVAPI32.dll
0x00007ffd4c1f0000 - 0x00007ffd4c28b000 	C:\WINDOWS\System32\sechost.dll
0x00007ffd4c340000 - 0x00007ffd4c46a000 	C:\WINDOWS\System32\RPCRT4.dll
0x00007ffd4baa0000 - 0x00007ffd4baa8000 	C:\WINDOWS\System32\PSAPI.DLL
0x00007ffd2cc30000 - 0x00007ffd2cc39000 	C:\WINDOWS\SYSTEM32\WSOCK32.dll
0x00007ffd38350000 - 0x00007ffd38377000 	C:\WINDOWS\SYSTEM32\WINMM.dll
0x00007ffd3fed0000 - 0x00007ffd3feda000 	C:\WINDOWS\SYSTEM32\VERSION.dll
0x00007ffd4cbf0000 - 0x00007ffd4cc5b000 	C:\WINDOWS\System32\WS2_32.dll
0x00007ffd492e0000 - 0x00007ffd492f2000 	C:\WINDOWS\SYSTEM32\kernel.appcore.dll
0x00007ffd44240000 - 0x00007ffd44251000 	C:\Program Files\Android\Android Studio3\jre\bin\verify.dll
0x00007ffd48fb0000 - 0x00007ffd49194000 	C:\WINDOWS\SYSTEM32\DBGHELP.DLL
0x00007ffd33d50000 - 0x00007ffd33d7c000 	C:\WINDOWS\SYSTEM32\dbgcore.DLL
0x00007ffd4b2d0000 - 0x00007ffd4b353000 	C:\WINDOWS\System32\bcryptPrimitives.dll
0x00007ffd43720000 - 0x00007ffd43749000 	C:\Program Files\Android\Android Studio3\jre\bin\java.dll
0x00007ffd43710000 - 0x00007ffd4371b000 	C:\Program Files\Android\Android Studio3\jre\bin\jimage.dll
0x00007ffd43350000 - 0x00007ffd43368000 	C:\Program Files\Android\Android Studio3\jre\bin\zip.dll
0x00007ffd4b360000 - 0x00007ffd4ba9f000 	C:\WINDOWS\System32\SHELL32.dll
0x00007ffd48750000 - 0x00007ffd48ee0000 	C:\WINDOWS\SYSTEM32\windows.storage.dll
0x00007ffd4bab0000 - 0x00007ffd4be05000 	C:\WINDOWS\System32\combase.dll
0x00007ffd4a3b0000 - 0x00007ffd4a3dc000 	C:\WINDOWS\SYSTEM32\Wldp.dll
0x00007ffd4c290000 - 0x00007ffd4c33d000 	C:\WINDOWS\System32\SHCORE.dll
0x00007ffd4c170000 - 0x00007ffd4c1c5000 	C:\WINDOWS\System32\shlwapi.dll
0x00007ffd4a970000 - 0x00007ffd4a98f000 	C:\WINDOWS\SYSTEM32\profapi.dll
0x00007ffd43330000 - 0x00007ffd4334a000 	C:\Program Files\Android\Android Studio3\jre\bin\net.dll
0x00007ffd42a10000 - 0x00007ffd42b18000 	C:\WINDOWS\SYSTEM32\WINHTTP.dll
0x00007ffd4a110000 - 0x00007ffd4a17a000 	C:\WINDOWS\system32\mswsock.dll
0x00007ffd43120000 - 0x00007ffd43134000 	C:\Program Files\Android\Android Studio3\jre\bin\nio.dll
0x00007ffd3a500000 - 0x00007ffd3a527000 	C:\Users\Dario\.gradle\native\8bec1ad78214c89d9ad589b4d07fe93259594b29d510b10fafb7a158f7737e5d\windows-amd64\native-platform.dll
0x00007ffd0ce00000 - 0x00007ffd0cf3d000 	C:\Users\Dario\.gradle\native\53dbd7edfb1c66fb8903c78663c9afc45aea4f116125fa6feffd364cf09443e8\windows-amd64\native-platform-file-events.dll
0x00007ffd43700000 - 0x00007ffd4370a000 	C:\Program Files\Android\Android Studio3\jre\bin\management.dll
0x00007ffd43320000 - 0x00007ffd4332c000 	C:\Program Files\Android\Android Studio3\jre\bin\management_ext.dll
0x00007ffd4a310000 - 0x00007ffd4a328000 	C:\WINDOWS\SYSTEM32\CRYPTSP.dll
0x00007ffd49a90000 - 0x00007ffd49ac4000 	C:\WINDOWS\system32\rsaenh.dll
0x00007ffd4b060000 - 0x00007ffd4b087000 	C:\WINDOWS\System32\bcrypt.dll
0x00007ffd4a930000 - 0x00007ffd4a95e000 	C:\WINDOWS\SYSTEM32\USERENV.dll
0x00007ffd4a300000 - 0x00007ffd4a30c000 	C:\WINDOWS\SYSTEM32\CRYPTBASE.dll
0x00007ffd49e00000 - 0x00007ffd49e3b000 	C:\WINDOWS\SYSTEM32\IPHLPAPI.DLL
0x00007ffd4be10000 - 0x00007ffd4be18000 	C:\WINDOWS\System32\NSI.dll
0x00007ffd395f0000 - 0x00007ffd39607000 	C:\WINDOWS\SYSTEM32\dhcpcsvc6.DLL
0x00007ffd3ad60000 - 0x00007ffd3ad7d000 	C:\WINDOWS\SYSTEM32\dhcpcsvc.DLL
0x00007ffd49e40000 - 0x00007ffd49f0c000 	C:\WINDOWS\SYSTEM32\DNSAPI.dll

dbghelp: loaded successfully - version: 4.0.5 - missing functions: none
symbol engine: initialized successfully - sym options: 0x614 - pdb path: .;C:\Program Files\Android\Android Studio3\jre\bin;C:\WINDOWS\SYSTEM32;C:\WINDOWS\WinSxS\amd64_microsoft.windows.common-controls_6595b64144ccf1df_6.0.19041.1110_none_60b5254171f9507e;C:\Program Files\Android\Android Studio3\jre\bin\server;C:\Users\Dario\.gradle\native\8bec1ad78214c89d9ad589b4d07fe93259594b29d510b10fafb7a158f7737e5d\windows-amd64;C:\Users\Dario\.gradle\native\53dbd7edfb1c66fb8903c78663c9afc45aea4f116125fa6feffd364cf09443e8\windows-amd64

VM Arguments:
jvm_args: --add-opens=java.base/java.util=ALL-UNNAMED --add-opens=java.base/java.lang=ALL-UNNAMED --add-opens=java.base/java.lang.invoke=ALL-UNNAMED --add-opens=java.base/java.util=ALL-UNNAMED --add-opens=java.prefs/java.util.prefs=ALL-UNNAMED --add-opens=java.prefs/java.util.prefs=ALL-UNNAMED --add-opens=java.base/java.nio.charset=ALL-UNNAMED --add-opens=java.base/java.net=ALL-UNNAMED --add-opens=java.base/java.util.concurrent.atomic=ALL-UNNAMED -Xmx2048m -Dfile.encoding=UTF-8 -Duser.country=ES -Duser.language=es -Duser.variant 
java_command: org.gradle.launcher.daemon.bootstrap.GradleDaemon 7.0.2
java_class_path (initial): C:\Users\Dario\.gradle\wrapper\dists\gradle-7.0.2-bin\857tjihv64xamwrf0h14cai3r\gradle-7.0.2\lib\gradle-launcher-7.0.2.jar
Launcher Type: SUN_STANDARD

[Global flags]
     intx CICompilerCount                          = 3                                         {product} {ergonomic}
     uint ConcGCThreads                            = 1                                         {product} {ergonomic}
     uint G1ConcRefinementThreads                  = 4                                         {product} {ergonomic}
   size_t G1HeapRegionSize                         = 1048576                                   {product} {ergonomic}
    uintx GCDrainStackTargetSize                   = 64                                        {product} {ergonomic}
   size_t InitialHeapSize                          = 199229440                                 {product} {ergonomic}
   size_t MarkStackSize                            = 4194304                                   {product} {ergonomic}
   size_t MaxHeapSize                              = 2147483648                                {product} {command line}
   size_t MaxNewSize                               = 1287651328                                {product} {ergonomic}
   size_t MinHeapDeltaBytes                        = 1048576                                   {product} {ergonomic}
    uintx NonNMethodCodeHeapSize                   = 5830732                                {pd product} {ergonomic}
    uintx NonProfiledCodeHeapSize                  = 122913754                              {pd product} {ergonomic}
    uintx ProfiledCodeHeapSize                     = 122913754                              {pd product} {ergonomic}
    uintx ReservedCodeCacheSize                    = 251658240                              {pd product} {ergonomic}
     bool SegmentedCodeCache                       = true                                      {product} {ergonomic}
     bool UseCompressedClassPointers               = true                                 {lp64_product} {ergonomic}
     bool UseCompressedOops                        = true                                 {lp64_product} {ergonomic}
     bool UseG1GC                                  = true                                      {product} {ergonomic}
     bool UseLargePagesIndividualAllocation        = false                                  {pd product} {ergonomic}

Logging:
Log output configuration:
 #0: stdout all=warning uptime,level,tags
 #1: stderr all=off uptime,level,tags

Environment Variables:
JAVA_HOME=C:\Program Files\Java\jdk-17
PATH=C:\Program Files\Common Files\Oracle\Java\javapath;C:\Program Files (x86)\Common Files\Oracle\Java\javapath;C:\Windows\system32;C:\Windows;C:\Windows\System32\wbem;C:\Windows\System32\WindowsPowerShell\v1.0;C:\Windows\System32\OpenSSH\;C:\WINDOWS\system32;C:\WINDOWS;C:\WINDOWS\System32\Wbem;C:\WINDOWS\System32\WindowsPowerShell\v1.0\;C:\WINDOWS\System32\OpenSSH\;C:\Program Files\Intel\WiFi\bin\;C:\Program Files\Common Files\Intel\WirelessCommon\;C:\Program Files\Microsoft SQL Server\Client SDK\ODBC\170\Tools\Binn\;C:\Program Files (x86)\Microsoft SQL Server\150\Tools\Binn\;C:\Program Files\Microsoft SQL Server\150\Tools\Binn\;C:\Program Files\Microsoft SQL Server\150\DTS\Binn\;C:\Program Files\Microsoft SQL Server\130\Tools\Binn\;C:\Program Files (x86)\Microsoft SQL Server\150\DTS\Binn\;C:\Program Files\Git\cmd;C:\Program Files\PuTTY\;C:\Users\Dario\AppData\Local\Microsoft\WindowsApps;C:\Users\Dario\AppData\Local\GitHubDesktop\bin;
USERNAME=Dario
OS=Windows_NT
PROCESSOR_IDENTIFIER=Intel64 Family 6 Model 122 Stepping 8, GenuineIntel



---------------  S Y S T E M  ---------------

OS: Windows 10 , 64 bit Build 19041 (10.0.19041.1202)
OS uptime: 13 days 20:40 hours

CPU:total 4 (initial active 4) (4 cores per cpu, 1 threads per core) family 6 model 122 stepping 8 microcode 0xc, cmov, cx8, fxsr, mmx, sse, sse2, sse3, ssse3, sse4.1, sse4.2, popcnt, aes, clmul, erms, 3dnowpref, tsc, tscinvbit, sha

Memory: 4k page, system-wide physical 12108M (6602M free)
TotalPageFile size 13964M (AvailPageFile size 5993M)
current process WorkingSet (physical memory assigned to process): 432M, peak: 436M
current process commit charge ("private bytes"): 476M, peak: 480M

vm_info: OpenJDK 64-Bit Server VM (11.0.10+0-b96-7249189) for windows-amd64 JRE (11.0.10+0-b96-7249189), built on Mar 31 2021 21:44:00 by "builder" with MS VC++ 14.0 (VS2015)

END.
